2024-03-20 16:33:54 error: uncaughtException: ⨯ Unable to compile TypeScript:
src/user/controllers/logout.user.controller.ts(3,52): error TS6133: 'res' is declared but its value is never read.

Error: ⨯ Unable to compile TypeScript:
src/user/controllers/logout.user.controller.ts(3,52): error TS6133: 'res' is declared but its value is never read.

    at Object.<anonymous> (C:\Users\juand\OneDrive\Escritorio\Projects\Personal-projects\To-do-List\src\user\controllers\logout.user.controller.ts:1:7)
    at Module._compile (node:internal/modules/cjs/loader:1376:14)
    at Module._compile (C:\Users\juand\OneDrive\Escritorio\Projects\Personal-projects\To-do-List\node_modules\source-map-support\source-map-support.js:568:25)
    at Module.m._compile (C:\Users\juand\AppData\Local\Temp\ts-node-dev-hook-058697020708155634.js:69:33)
    at Module._extensions..js (node:internal/modules/cjs/loader:1435:10)
    at require.extensions..jsx.require.extensions..js (C:\Users\juand\AppData\Local\Temp\ts-node-dev-hook-058697020708155634.js:114:20)
    at require.extensions.<computed> (C:\Users\juand\AppData\Local\Temp\ts-node-dev-hook-058697020708155634.js:71:20)
    at Object.nodeDevHook [as .ts] (C:\Users\juand\OneDrive\Escritorio\Projects\Personal-projects\To-do-List\node_modules\ts-node-dev\lib\hook.js:63:13)
    at Module.load (node:internal/modules/cjs/loader:1207:32)
    at Function.Module._load (node:internal/modules/cjs/loader:1023:12)
2024-03-20 16:34:00 error: uncaughtException: ⨯ Unable to compile TypeScript:
src/user/controllers/logout.user.controller.ts(3,52): error TS6133: 'res' is declared but its value is never read.

Error: ⨯ Unable to compile TypeScript:
src/user/controllers/logout.user.controller.ts(3,52): error TS6133: 'res' is declared but its value is never read.

    at Object.<anonymous> (C:\Users\juand\OneDrive\Escritorio\Projects\Personal-projects\To-do-List\src\user\controllers\logout.user.controller.ts:1:7)
    at Module._compile (node:internal/modules/cjs/loader:1376:14)
    at Module._compile (C:\Users\juand\OneDrive\Escritorio\Projects\Personal-projects\To-do-List\node_modules\source-map-support\source-map-support.js:568:25)
    at Module.m._compile (C:\Users\juand\AppData\Local\Temp\ts-node-dev-hook-058697020708155634.js:69:33)
    at Module._extensions..js (node:internal/modules/cjs/loader:1435:10)
    at require.extensions..jsx.require.extensions..js (C:\Users\juand\AppData\Local\Temp\ts-node-dev-hook-058697020708155634.js:114:20)
    at require.extensions.<computed> (C:\Users\juand\AppData\Local\Temp\ts-node-dev-hook-058697020708155634.js:71:20)
    at Object.nodeDevHook [as .ts] (C:\Users\juand\OneDrive\Escritorio\Projects\Personal-projects\To-do-List\node_modules\ts-node-dev\lib\hook.js:63:13)
    at Module.load (node:internal/modules/cjs/loader:1207:32)
    at Function.Module._load (node:internal/modules/cjs/loader:1023:12)
2024-03-20 16:36:50 error: uncaughtException: ⨯ Unable to compile TypeScript:
src/user/controllers/logout.user.controller.ts(6,5): error TS2552: Cannot find name 'res'. Did you mean '_res'?

Error: ⨯ Unable to compile TypeScript:
src/user/controllers/logout.user.controller.ts(6,5): error TS2552: Cannot find name 'res'. Did you mean '_res'?

    at Object.<anonymous> (C:\Users\juand\OneDrive\Escritorio\Projects\Personal-projects\To-do-List\src\user\controllers\logout.user.controller.ts:1:7)
    at Module._compile (node:internal/modules/cjs/loader:1376:14)
    at Module._compile (C:\Users\juand\OneDrive\Escritorio\Projects\Personal-projects\To-do-List\node_modules\source-map-support\source-map-support.js:568:25)
    at Module.m._compile (C:\Users\juand\AppData\Local\Temp\ts-node-dev-hook-058697020708155634.js:69:33)
    at Module._extensions..js (node:internal/modules/cjs/loader:1435:10)
    at require.extensions..jsx.require.extensions..js (C:\Users\juand\AppData\Local\Temp\ts-node-dev-hook-058697020708155634.js:114:20)
    at require.extensions.<computed> (C:\Users\juand\AppData\Local\Temp\ts-node-dev-hook-058697020708155634.js:71:20)
    at Object.nodeDevHook [as .ts] (C:\Users\juand\OneDrive\Escritorio\Projects\Personal-projects\To-do-List\node_modules\ts-node-dev\lib\hook.js:63:13)
    at Module.load (node:internal/modules/cjs/loader:1207:32)
    at Function.Module._load (node:internal/modules/cjs/loader:1023:12)
2024-03-20 16:36:55 error: uncaughtException: ⨯ Unable to compile TypeScript:
src/user/controllers/logout.user.controller.ts(6,5): error TS2552: Cannot find name 'res'. Did you mean '_res'?

Error: ⨯ Unable to compile TypeScript:
src/user/controllers/logout.user.controller.ts(6,5): error TS2552: Cannot find name 'res'. Did you mean '_res'?

    at Object.<anonymous> (C:\Users\juand\OneDrive\Escritorio\Projects\Personal-projects\To-do-List\src\user\controllers\logout.user.controller.ts:1:7)
    at Module._compile (node:internal/modules/cjs/loader:1376:14)
    at Module._compile (C:\Users\juand\OneDrive\Escritorio\Projects\Personal-projects\To-do-List\node_modules\source-map-support\source-map-support.js:568:25)
    at Module.m._compile (C:\Users\juand\AppData\Local\Temp\ts-node-dev-hook-058697020708155634.js:69:33)
    at Module._extensions..js (node:internal/modules/cjs/loader:1435:10)
    at require.extensions..jsx.require.extensions..js (C:\Users\juand\AppData\Local\Temp\ts-node-dev-hook-058697020708155634.js:114:20)
    at require.extensions.<computed> (C:\Users\juand\AppData\Local\Temp\ts-node-dev-hook-058697020708155634.js:71:20)
    at Object.nodeDevHook [as .ts] (C:\Users\juand\OneDrive\Escritorio\Projects\Personal-projects\To-do-List\node_modules\ts-node-dev\lib\hook.js:63:13)
    at Module.load (node:internal/modules/cjs/loader:1207:32)
    at Function.Module._load (node:internal/modules/cjs/loader:1023:12)
2024-03-20 16:37:00 error: uncaughtException: ⨯ Unable to compile TypeScript:
src/user/controllers/logout.user.controller.ts(6,5): error TS2552: Cannot find name 'res'. Did you mean '_res'?

Error: ⨯ Unable to compile TypeScript:
src/user/controllers/logout.user.controller.ts(6,5): error TS2552: Cannot find name 'res'. Did you mean '_res'?

    at Object.<anonymous> (C:\Users\juand\OneDrive\Escritorio\Projects\Personal-projects\To-do-List\src\user\controllers\logout.user.controller.ts:1:7)
    at Module._compile (node:internal/modules/cjs/loader:1376:14)
    at Module._compile (C:\Users\juand\OneDrive\Escritorio\Projects\Personal-projects\To-do-List\node_modules\source-map-support\source-map-support.js:568:25)
    at Module.m._compile (C:\Users\juand\AppData\Local\Temp\ts-node-dev-hook-058697020708155634.js:69:33)
    at Module._extensions..js (node:internal/modules/cjs/loader:1435:10)
    at require.extensions..jsx.require.extensions..js (C:\Users\juand\AppData\Local\Temp\ts-node-dev-hook-058697020708155634.js:114:20)
    at require.extensions.<computed> (C:\Users\juand\AppData\Local\Temp\ts-node-dev-hook-058697020708155634.js:71:20)
    at Object.nodeDevHook [as .ts] (C:\Users\juand\OneDrive\Escritorio\Projects\Personal-projects\To-do-List\node_modules\ts-node-dev\lib\hook.js:63:13)
    at Module.load (node:internal/modules/cjs/loader:1207:32)
    at Function.Module._load (node:internal/modules/cjs/loader:1023:12)
2024-03-20 18:01:04 error: uncaughtException: ⨯ Unable to compile TypeScript:
src/routes/user/user.routes.ts(8,1): error TS6133: 'authenticateJWT' is declared but its value is never read.

Error: ⨯ Unable to compile TypeScript:
src/routes/user/user.routes.ts(8,1): error TS6133: 'authenticateJWT' is declared but its value is never read.

    at Object.<anonymous> (C:\Users\juand\OneDrive\Escritorio\Projects\Personal-projects\To-do-List\src\routes\user\user.routes.ts:1:7)
    at Module._compile (node:internal/modules/cjs/loader:1376:14)
    at Module._compile (C:\Users\juand\OneDrive\Escritorio\Projects\Personal-projects\To-do-List\node_modules\source-map-support\source-map-support.js:568:25)
    at Module.m._compile (C:\Users\juand\AppData\Local\Temp\ts-node-dev-hook-7132291038653793.js:69:33)
    at Module._extensions..js (node:internal/modules/cjs/loader:1435:10)
    at require.extensions..jsx.require.extensions..js (C:\Users\juand\AppData\Local\Temp\ts-node-dev-hook-7132291038653793.js:114:20)
    at require.extensions.<computed> (C:\Users\juand\AppData\Local\Temp\ts-node-dev-hook-7132291038653793.js:71:20)
    at Object.nodeDevHook [as .ts] (C:\Users\juand\OneDrive\Escritorio\Projects\Personal-projects\To-do-List\node_modules\ts-node-dev\lib\hook.js:63:13)
    at Module.load (node:internal/modules/cjs/loader:1207:32)
    at Function.Module._load (node:internal/modules/cjs/loader:1023:12)
2024-03-20 18:01:52 error: uncaughtException: ⨯ Unable to compile TypeScript:
src/routes/user/user.routes.ts(23,70): error TS1005: ')' expected.

Error: ⨯ Unable to compile TypeScript:
src/routes/user/user.routes.ts(23,70): error TS1005: ')' expected.

    at Object.<anonymous> (C:\Users\juand\OneDrive\Escritorio\Projects\Personal-projects\To-do-List\src\routes\user\user.routes.ts:1:7)
    at Module._compile (node:internal/modules/cjs/loader:1376:14)
    at Module._compile (C:\Users\juand\OneDrive\Escritorio\Projects\Personal-projects\To-do-List\node_modules\source-map-support\source-map-support.js:568:25)
    at Module.m._compile (C:\Users\juand\AppData\Local\Temp\ts-node-dev-hook-7132291038653793.js:69:33)
    at Module._extensions..js (node:internal/modules/cjs/loader:1435:10)
    at require.extensions..jsx.require.extensions..js (C:\Users\juand\AppData\Local\Temp\ts-node-dev-hook-7132291038653793.js:114:20)
    at require.extensions.<computed> (C:\Users\juand\AppData\Local\Temp\ts-node-dev-hook-7132291038653793.js:71:20)
    at Object.nodeDevHook [as .ts] (C:\Users\juand\OneDrive\Escritorio\Projects\Personal-projects\To-do-List\node_modules\ts-node-dev\lib\hook.js:63:13)
    at Module.load (node:internal/modules/cjs/loader:1207:32)
    at Function.Module._load (node:internal/modules/cjs/loader:1023:12)
2024-03-20 18:02:43 error: uncaughtException: ⨯ Unable to compile TypeScript:
src/routes/user/user.routes.ts(9,1): error TS6133: 'userHome' is declared but its value is never read.
src/routes/user/user.routes.ts(23,58): error TS2304: Cannot find name 'userHomeController'.

Error: ⨯ Unable to compile TypeScript:
src/routes/user/user.routes.ts(9,1): error TS6133: 'userHome' is declared but its value is never read.
src/routes/user/user.routes.ts(23,58): error TS2304: Cannot find name 'userHomeController'.

    at Object.<anonymous> (C:\Users\juand\OneDrive\Escritorio\Projects\Personal-projects\To-do-List\src\routes\user\user.routes.ts:1:7)
    at Module._compile (node:internal/modules/cjs/loader:1376:14)
    at Module._compile (C:\Users\juand\OneDrive\Escritorio\Projects\Personal-projects\To-do-List\node_modules\source-map-support\source-map-support.js:568:25)
    at Module.m._compile (C:\Users\juand\AppData\Local\Temp\ts-node-dev-hook-7132291038653793.js:69:33)
    at Module._extensions..js (node:internal/modules/cjs/loader:1435:10)
    at require.extensions..jsx.require.extensions..js (C:\Users\juand\AppData\Local\Temp\ts-node-dev-hook-7132291038653793.js:114:20)
    at require.extensions.<computed> (C:\Users\juand\AppData\Local\Temp\ts-node-dev-hook-7132291038653793.js:71:20)
    at Object.nodeDevHook [as .ts] (C:\Users\juand\OneDrive\Escritorio\Projects\Personal-projects\To-do-List\node_modules\ts-node-dev\lib\hook.js:63:13)
    at Module.load (node:internal/modules/cjs/loader:1207:32)
    at Function.Module._load (node:internal/modules/cjs/loader:1023:12)
2024-03-20 18:03:31 error: uncaughtException: ⨯ Unable to compile TypeScript:
src/auth/middlewares/auth.middleware.ts(5,8): error TS2304: Cannot find name 'passportLocal'.
src/auth/middlewares/auth.middleware.ts(5,1): error TS1128: Declaration or statement expected.

Error: ⨯ Unable to compile TypeScript:
src/auth/middlewares/auth.middleware.ts(5,8): error TS2304: Cannot find name 'passportLocal'.
src/auth/middlewares/auth.middleware.ts(5,1): error TS1128: Declaration or statement expected.

    at Object.<anonymous> (C:\Users\juand\OneDrive\Escritorio\Projects\Personal-projects\To-do-List\src\auth\middlewares\auth.middleware.ts:1:7)
    at Module._compile (node:internal/modules/cjs/loader:1376:14)
    at Module._compile (C:\Users\juand\OneDrive\Escritorio\Projects\Personal-projects\To-do-List\node_modules\source-map-support\source-map-support.js:568:25)
    at Module.m._compile (C:\Users\juand\AppData\Local\Temp\ts-node-dev-hook-7132291038653793.js:69:33)
    at Module._extensions..js (node:internal/modules/cjs/loader:1435:10)
    at require.extensions..jsx.require.extensions..js (C:\Users\juand\AppData\Local\Temp\ts-node-dev-hook-7132291038653793.js:114:20)
    at require.extensions.<computed> (C:\Users\juand\AppData\Local\Temp\ts-node-dev-hook-7132291038653793.js:71:20)
    at Object.nodeDevHook [as .ts] (C:\Users\juand\OneDrive\Escritorio\Projects\Personal-projects\To-do-List\node_modules\ts-node-dev\lib\hook.js:63:13)
    at Module.load (node:internal/modules/cjs/loader:1207:32)
    at Function.Module._load (node:internal/modules/cjs/loader:1023:12)
2024-03-20 18:03:39 error: uncaughtException: ⨯ Unable to compile TypeScript:
src/auth/middlewares/auth.middleware.ts(5,29): error TS1109: Expression expected.

Error: ⨯ Unable to compile TypeScript:
src/auth/middlewares/auth.middleware.ts(5,29): error TS1109: Expression expected.

    at Object.<anonymous> (C:\Users\juand\OneDrive\Escritorio\Projects\Personal-projects\To-do-List\src\auth\middlewares\auth.middleware.ts:1:7)
    at Module._compile (node:internal/modules/cjs/loader:1376:14)
    at Module._compile (C:\Users\juand\OneDrive\Escritorio\Projects\Personal-projects\To-do-List\node_modules\source-map-support\source-map-support.js:568:25)
    at Module.m._compile (C:\Users\juand\AppData\Local\Temp\ts-node-dev-hook-7132291038653793.js:69:33)
    at Module._extensions..js (node:internal/modules/cjs/loader:1435:10)
    at require.extensions..jsx.require.extensions..js (C:\Users\juand\AppData\Local\Temp\ts-node-dev-hook-7132291038653793.js:114:20)
    at require.extensions.<computed> (C:\Users\juand\AppData\Local\Temp\ts-node-dev-hook-7132291038653793.js:71:20)
    at Object.nodeDevHook [as .ts] (C:\Users\juand\OneDrive\Escritorio\Projects\Personal-projects\To-do-List\node_modules\ts-node-dev\lib\hook.js:63:13)
    at Module.load (node:internal/modules/cjs/loader:1207:32)
    at Function.Module._load (node:internal/modules/cjs/loader:1023:12)
2024-03-20 18:04:00 error: uncaughtException: ⨯ Unable to compile TypeScript:
src/routes/user/user.routes.ts(1,1): error TS6133: 'passport' is declared but its value is never read.

Error: ⨯ Unable to compile TypeScript:
src/routes/user/user.routes.ts(1,1): error TS6133: 'passport' is declared but its value is never read.

    at Object.<anonymous> (C:\Users\juand\OneDrive\Escritorio\Projects\Personal-projects\To-do-List\src\routes\user\user.routes.ts:1:7)
    at Module._compile (node:internal/modules/cjs/loader:1376:14)
    at Module._compile (C:\Users\juand\OneDrive\Escritorio\Projects\Personal-projects\To-do-List\node_modules\source-map-support\source-map-support.js:568:25)
    at Module.m._compile (C:\Users\juand\AppData\Local\Temp\ts-node-dev-hook-7132291038653793.js:69:33)
    at Module._extensions..js (node:internal/modules/cjs/loader:1435:10)
    at require.extensions..jsx.require.extensions..js (C:\Users\juand\AppData\Local\Temp\ts-node-dev-hook-7132291038653793.js:114:20)
    at require.extensions.<computed> (C:\Users\juand\AppData\Local\Temp\ts-node-dev-hook-7132291038653793.js:71:20)
    at Object.nodeDevHook [as .ts] (C:\Users\juand\OneDrive\Escritorio\Projects\Personal-projects\To-do-List\node_modules\ts-node-dev\lib\hook.js:63:13)
    at Module.load (node:internal/modules/cjs/loader:1207:32)
    at Function.Module._load (node:internal/modules/cjs/loader:1023:12)
2024-03-20 18:04:25 error: uncaughtException: ⨯ Unable to compile TypeScript:
src/routes/user/user.routes.ts(1,1): error TS6133: 'passport' is declared but its value is never read.
src/routes/user/user.routes.ts(25,47): error TS2304: Cannot find name 'passportLocal'.

Error: ⨯ Unable to compile TypeScript:
src/routes/user/user.routes.ts(1,1): error TS6133: 'passport' is declared but its value is never read.
src/routes/user/user.routes.ts(25,47): error TS2304: Cannot find name 'passportLocal'.

    at Object.<anonymous> (C:\Users\juand\OneDrive\Escritorio\Projects\Personal-projects\To-do-List\src\routes\user\user.routes.ts:1:7)
    at Module._compile (node:internal/modules/cjs/loader:1376:14)
    at Module._compile (C:\Users\juand\OneDrive\Escritorio\Projects\Personal-projects\To-do-List\node_modules\source-map-support\source-map-support.js:568:25)
    at Module.m._compile (C:\Users\juand\AppData\Local\Temp\ts-node-dev-hook-7132291038653793.js:69:33)
    at Module._extensions..js (node:internal/modules/cjs/loader:1435:10)
    at require.extensions..jsx.require.extensions..js (C:\Users\juand\AppData\Local\Temp\ts-node-dev-hook-7132291038653793.js:114:20)
    at require.extensions.<computed> (C:\Users\juand\AppData\Local\Temp\ts-node-dev-hook-7132291038653793.js:71:20)
    at Object.nodeDevHook [as .ts] (C:\Users\juand\OneDrive\Escritorio\Projects\Personal-projects\To-do-List\node_modules\ts-node-dev\lib\hook.js:63:13)
    at Module.load (node:internal/modules/cjs/loader:1207:32)
    at Function.Module._load (node:internal/modules/cjs/loader:1023:12)
2024-03-20 18:04:33 error: uncaughtException: ⨯ Unable to compile TypeScript:
src/routes/user/user.routes.ts(1,1): error TS6133: 'passport' is declared but its value is never read.
src/routes/user/user.routes.ts(25,47): error TS2304: Cannot find name 'passportLocal'.

Error: ⨯ Unable to compile TypeScript:
src/routes/user/user.routes.ts(1,1): error TS6133: 'passport' is declared but its value is never read.
src/routes/user/user.routes.ts(25,47): error TS2304: Cannot find name 'passportLocal'.

    at Object.<anonymous> (C:\Users\juand\OneDrive\Escritorio\Projects\Personal-projects\To-do-List\src\routes\user\user.routes.ts:1:7)
    at Module._compile (node:internal/modules/cjs/loader:1376:14)
    at Module._compile (C:\Users\juand\OneDrive\Escritorio\Projects\Personal-projects\To-do-List\node_modules\source-map-support\source-map-support.js:568:25)
    at Module.m._compile (C:\Users\juand\AppData\Local\Temp\ts-node-dev-hook-7132291038653793.js:69:33)
    at Module._extensions..js (node:internal/modules/cjs/loader:1435:10)
    at require.extensions..jsx.require.extensions..js (C:\Users\juand\AppData\Local\Temp\ts-node-dev-hook-7132291038653793.js:114:20)
    at require.extensions.<computed> (C:\Users\juand\AppData\Local\Temp\ts-node-dev-hook-7132291038653793.js:71:20)
    at Object.nodeDevHook [as .ts] (C:\Users\juand\OneDrive\Escritorio\Projects\Personal-projects\To-do-List\node_modules\ts-node-dev\lib\hook.js:63:13)
    at Module.load (node:internal/modules/cjs/loader:1207:32)
    at Function.Module._load (node:internal/modules/cjs/loader:1023:12)
2024-03-20 18:05:10 error: uncaughtException: ⨯ Unable to compile TypeScript:
src/routes/user/user.routes.ts(7,27): error TS6133: 'passportLocal' is declared but its value is never read.

Error: ⨯ Unable to compile TypeScript:
src/routes/user/user.routes.ts(7,27): error TS6133: 'passportLocal' is declared but its value is never read.

    at Object.<anonymous> (C:\Users\juand\OneDrive\Escritorio\Projects\Personal-projects\To-do-List\src\routes\user\user.routes.ts:1:7)
    at Module._compile (node:internal/modules/cjs/loader:1376:14)
    at Module._compile (C:\Users\juand\OneDrive\Escritorio\Projects\Personal-projects\To-do-List\node_modules\source-map-support\source-map-support.js:568:25)
    at Module.m._compile (C:\Users\juand\AppData\Local\Temp\ts-node-dev-hook-7132291038653793.js:69:33)
    at Module._extensions..js (node:internal/modules/cjs/loader:1435:10)
    at require.extensions..jsx.require.extensions..js (C:\Users\juand\AppData\Local\Temp\ts-node-dev-hook-7132291038653793.js:114:20)
    at require.extensions.<computed> (C:\Users\juand\AppData\Local\Temp\ts-node-dev-hook-7132291038653793.js:71:20)
    at Object.nodeDevHook [as .ts] (C:\Users\juand\OneDrive\Escritorio\Projects\Personal-projects\To-do-List\node_modules\ts-node-dev\lib\hook.js:63:13)
    at Module.load (node:internal/modules/cjs/loader:1207:32)
    at Function.Module._load (node:internal/modules/cjs/loader:1023:12)
2024-03-20 18:05:42 error: uncaughtException: ⨯ Unable to compile TypeScript:
src/user/controllers/home.user.controller.ts(7,8): error TS2304: Cannot find name 'index'.
src/user/controllers/home.user.controller.ts(7,1): error TS1128: Declaration or statement expected.

Error: ⨯ Unable to compile TypeScript:
src/user/controllers/home.user.controller.ts(7,8): error TS2304: Cannot find name 'index'.
src/user/controllers/home.user.controller.ts(7,1): error TS1128: Declaration or statement expected.

    at Object.<anonymous> (C:\Users\juand\OneDrive\Escritorio\Projects\Personal-projects\To-do-List\src\user\controllers\home.user.controller.ts:1:7)
    at Module._compile (node:internal/modules/cjs/loader:1376:14)
    at Module._compile (C:\Users\juand\OneDrive\Escritorio\Projects\Personal-projects\To-do-List\node_modules\source-map-support\source-map-support.js:568:25)
    at Module.m._compile (C:\Users\juand\AppData\Local\Temp\ts-node-dev-hook-7132291038653793.js:69:33)
    at Module._extensions..js (node:internal/modules/cjs/loader:1435:10)
    at require.extensions..jsx.require.extensions..js (C:\Users\juand\AppData\Local\Temp\ts-node-dev-hook-7132291038653793.js:114:20)
    at require.extensions.<computed> (C:\Users\juand\AppData\Local\Temp\ts-node-dev-hook-7132291038653793.js:71:20)
    at Object.nodeDevHook [as .ts] (C:\Users\juand\OneDrive\Escritorio\Projects\Personal-projects\To-do-List\node_modules\ts-node-dev\lib\hook.js:63:13)
    at Module.load (node:internal/modules/cjs/loader:1207:32)
    at Function.Module._load (node:internal/modules/cjs/loader:1023:12)
2024-03-20 18:05:48 error: uncaughtException: ⨯ Unable to compile TypeScript:
src/user/controllers/home.user.controller.ts(7,8): error TS2304: Cannot find name 'indexPage'.
src/user/controllers/home.user.controller.ts(7,1): error TS1128: Declaration or statement expected.
src/user/controllers/home.user.controller.ts(7,19): error TS1109: Expression expected.

Error: ⨯ Unable to compile TypeScript:
src/user/controllers/home.user.controller.ts(7,8): error TS2304: Cannot find name 'indexPage'.
src/user/controllers/home.user.controller.ts(7,1): error TS1128: Declaration or statement expected.
src/user/controllers/home.user.controller.ts(7,19): error TS1109: Expression expected.

    at Object.<anonymous> (C:\Users\juand\OneDrive\Escritorio\Projects\Personal-projects\To-do-List\src\user\controllers\home.user.controller.ts:1:7)
    at Module._compile (node:internal/modules/cjs/loader:1376:14)
    at Module._compile (C:\Users\juand\OneDrive\Escritorio\Projects\Personal-projects\To-do-List\node_modules\source-map-support\source-map-support.js:568:25)
    at Module.m._compile (C:\Users\juand\AppData\Local\Temp\ts-node-dev-hook-7132291038653793.js:69:33)
    at Module._extensions..js (node:internal/modules/cjs/loader:1435:10)
    at require.extensions..jsx.require.extensions..js (C:\Users\juand\AppData\Local\Temp\ts-node-dev-hook-7132291038653793.js:114:20)
    at require.extensions.<computed> (C:\Users\juand\AppData\Local\Temp\ts-node-dev-hook-7132291038653793.js:71:20)
    at Object.nodeDevHook [as .ts] (C:\Users\juand\OneDrive\Escritorio\Projects\Personal-projects\To-do-List\node_modules\ts-node-dev\lib\hook.js:63:13)
    at Module.load (node:internal/modules/cjs/loader:1207:32)
    at Function.Module._load (node:internal/modules/cjs/loader:1023:12)
2024-03-20 18:06:00 error: uncaughtException: ⨯ Unable to compile TypeScript:
src/routes/user/user.routes.ts(1,18): error TS6133: 'Request' is declared but its value is never read.
src/routes/user/user.routes.ts(1,27): error TS6133: 'Response' is declared but its value is never read.
src/routes/user/user.routes.ts(21,5): error TS2532: Object is possibly 'undefined'.
src/routes/user/user.routes.ts(21,24): error TS2532: Object is possibly 'undefined'.
src/routes/user/user.routes.ts(22,5): error TS2532: Object is possibly 'undefined'.
src/routes/user/user.routes.ts(22,24): error TS2532: Object is possibly 'undefined'.
src/routes/user/user.routes.ts(23,5): error TS2532: Object is possibly 'undefined'.
src/routes/user/user.routes.ts(23,25): error TS2532: Object is possibly 'undefined'.
src/routes/user/user.routes.ts(24,5): error TS2532: Object is possibly 'undefined'.
src/routes/user/user.routes.ts(24,25): error TS2532: Object is possibly 'undefined'.
src/routes/user/user.routes.ts(25,5): error TS2532: Object is possibly 'undefined'.
src/routes/user/user.routes.ts(25,27): error TS2532: Object is possibly 'undefined'.
src/routes/user/user.routes.ts(26,5): error TS2532: Object is possibly 'undefined'.
src/routes/user/user.routes.ts(26,24): error TS2532: Object is possibly 'undefined'.
src/routes/user/user.routes.ts(20,5): error TS1135: Argument expression expected.
src/routes/user/user.routes.ts(20,6): error TS1068: Unexpected token. A constructor, method, accessor, or property was expected.
src/routes/user/user.routes.ts(21,5): error TS1068: Unexpected token. A constructor, method, accessor, or property was expected.
src/routes/user/user.routes.ts(27,3): error TS1128: Declaration or statement expected.
src/routes/user/user.routes.ts(28,1): error TS1128: Declaration or statement expected.

Error: ⨯ Unable to compile TypeScript:
src/routes/user/user.routes.ts(1,18): error TS6133: 'Request' is declared but its value is never read.
src/routes/user/user.routes.ts(1,27): error TS6133: 'Response' is declared but its value is never read.
src/routes/user/user.routes.ts(21,5): error TS2532: Object is possibly 'undefined'.
src/routes/user/user.routes.ts(21,24): error TS2532: Object is possibly 'undefined'.
src/routes/user/user.routes.ts(22,5): error TS2532: Object is possibly 'undefined'.
src/routes/user/user.routes.ts(22,24): error TS2532: Object is possibly 'undefined'.
src/routes/user/user.routes.ts(23,5): error TS2532: Object is possibly 'undefined'.
src/routes/user/user.routes.ts(23,25): error TS2532: Object is possibly 'undefined'.
src/routes/user/user.routes.ts(24,5): error TS2532: Object is possibly 'undefined'.
src/routes/user/user.routes.ts(24,25): error TS2532: Object is possibly 'undefined'.
src/routes/user/user.routes.ts(25,5): error TS2532: Object is possibly 'undefined'.
src/routes/user/user.routes.ts(25,27): error TS2532: Object is possibly 'undefined'.
src/routes/user/user.routes.ts(26,5): error TS2532: Object is possibly 'undefined'.
src/routes/user/user.routes.ts(26,24): error TS2532: Object is possibly 'undefined'.
src/routes/user/user.routes.ts(20,5): error TS1135: Argument expression expected.
src/routes/user/user.routes.ts(20,6): error TS1068: Unexpected token. A constructor, method, accessor, or property was expected.
src/routes/user/user.routes.ts(21,5): error TS1068: Unexpected token. A constructor, method, accessor, or property was expected.
src/routes/user/user.routes.ts(27,3): error TS1128: Declaration or statement expected.
src/routes/user/user.routes.ts(28,1): error TS1128: Declaration or statement expected.

    at Object.<anonymous> (C:\Users\juand\OneDrive\Escritorio\Projects\Personal-projects\To-do-List\src\routes\user\user.routes.ts:1:7)
    at Module._compile (node:internal/modules/cjs/loader:1376:14)
    at Module._compile (C:\Users\juand\OneDrive\Escritorio\Projects\Personal-projects\To-do-List\node_modules\source-map-support\source-map-support.js:568:25)
    at Module.m._compile (C:\Users\juand\AppData\Local\Temp\ts-node-dev-hook-7132291038653793.js:69:33)
    at Module._extensions..js (node:internal/modules/cjs/loader:1435:10)
    at require.extensions..jsx.require.extensions..js (C:\Users\juand\AppData\Local\Temp\ts-node-dev-hook-7132291038653793.js:114:20)
    at require.extensions.<computed> (C:\Users\juand\AppData\Local\Temp\ts-node-dev-hook-7132291038653793.js:71:20)
    at Object.nodeDevHook [as .ts] (C:\Users\juand\OneDrive\Escritorio\Projects\Personal-projects\To-do-List\node_modules\ts-node-dev\lib\hook.js:63:13)
    at Module.load (node:internal/modules/cjs/loader:1207:32)
    at Function.Module._load (node:internal/modules/cjs/loader:1023:12)
2024-03-20 18:06:35 error: uncaughtException: ⨯ Unable to compile TypeScript:
src/routes/user/user.routes.ts(1,18): error TS6133: 'Request' is declared but its value is never read.
src/routes/user/user.routes.ts(1,27): error TS6133: 'Response' is declared but its value is never read.
src/routes/user/user.routes.ts(8,30): error TS2305: Module '"../../user/controllers/home.user.controller"' has no exported member 'indexPageController'.
src/routes/user/user.routes.ts(8,30): error TS6133: 'indexPageController' is declared but its value is never read.
src/routes/user/user.routes.ts(21,5): error TS2532: Object is possibly 'undefined'.
src/routes/user/user.routes.ts(21,24): error TS2532: Object is possibly 'undefined'.
src/routes/user/user.routes.ts(22,5): error TS2532: Object is possibly 'undefined'.
src/routes/user/user.routes.ts(22,24): error TS2532: Object is possibly 'undefined'.
src/routes/user/user.routes.ts(23,5): error TS2532: Object is possibly 'undefined'.
src/routes/user/user.routes.ts(23,25): error TS2532: Object is possibly 'undefined'.
src/routes/user/user.routes.ts(24,5): error TS2532: Object is possibly 'undefined'.
src/routes/user/user.routes.ts(24,25): error TS2532: Object is possibly 'undefined'.
src/routes/user/user.routes.ts(25,5): error TS2532: Object is possibly 'undefined'.
src/routes/user/user.routes.ts(25,27): error TS2532: Object is possibly 'undefined'.
src/routes/user/user.routes.ts(26,5): error TS2532: Object is possibly 'undefined'.
src/routes/user/user.routes.ts(26,24): error TS2532: Object is possibly 'undefined'.
src/routes/user/user.routes.ts(20,5): error TS1135: Argument expression expected.
src/routes/user/user.routes.ts(20,6): error TS1068: Unexpected token. A constructor, method, accessor, or property was expected.
src/routes/user/user.routes.ts(21,5): error TS1068: Unexpected token. A constructor, method, accessor, or property was expected.
src/routes/user/user.routes.ts(27,3): error TS1128: Declaration or statement expected.
src/routes/user/user.routes.ts(28,1): error TS1128: Declaration or statement expected.

Error: ⨯ Unable to compile TypeScript:
src/routes/user/user.routes.ts(1,18): error TS6133: 'Request' is declared but its value is never read.
src/routes/user/user.routes.ts(1,27): error TS6133: 'Response' is declared but its value is never read.
src/routes/user/user.routes.ts(8,30): error TS2305: Module '"../../user/controllers/home.user.controller"' has no exported member 'indexPageController'.
src/routes/user/user.routes.ts(8,30): error TS6133: 'indexPageController' is declared but its value is never read.
src/routes/user/user.routes.ts(21,5): error TS2532: Object is possibly 'undefined'.
src/routes/user/user.routes.ts(21,24): error TS2532: Object is possibly 'undefined'.
src/routes/user/user.routes.ts(22,5): error TS2532: Object is possibly 'undefined'.
src/routes/user/user.routes.ts(22,24): error TS2532: Object is possibly 'undefined'.
src/routes/user/user.routes.ts(23,5): error TS2532: Object is possibly 'undefined'.
src/routes/user/user.routes.ts(23,25): error TS2532: Object is possibly 'undefined'.
src/routes/user/user.routes.ts(24,5): error TS2532: Object is possibly 'undefined'.
src/routes/user/user.routes.ts(24,25): error TS2532: Object is possibly 'undefined'.
src/routes/user/user.routes.ts(25,5): error TS2532: Object is possibly 'undefined'.
src/routes/user/user.routes.ts(25,27): error TS2532: Object is possibly 'undefined'.
src/routes/user/user.routes.ts(26,5): error TS2532: Object is possibly 'undefined'.
src/routes/user/user.routes.ts(26,24): error TS2532: Object is possibly 'undefined'.
src/routes/user/user.routes.ts(20,5): error TS1135: Argument expression expected.
src/routes/user/user.routes.ts(20,6): error TS1068: Unexpected token. A constructor, method, accessor, or property was expected.
src/routes/user/user.routes.ts(21,5): error TS1068: Unexpected token. A constructor, method, accessor, or property was expected.
src/routes/user/user.routes.ts(27,3): error TS1128: Declaration or statement expected.
src/routes/user/user.routes.ts(28,1): error TS1128: Declaration or statement expected.

    at Object.<anonymous> (C:\Users\juand\OneDrive\Escritorio\Projects\Personal-projects\To-do-List\src\routes\user\user.routes.ts:1:7)
    at Module._compile (node:internal/modules/cjs/loader:1376:14)
    at Module._compile (C:\Users\juand\OneDrive\Escritorio\Projects\Personal-projects\To-do-List\node_modules\source-map-support\source-map-support.js:568:25)
    at Module.m._compile (C:\Users\juand\AppData\Local\Temp\ts-node-dev-hook-7132291038653793.js:69:33)
    at Module._extensions..js (node:internal/modules/cjs/loader:1435:10)
    at require.extensions..jsx.require.extensions..js (C:\Users\juand\AppData\Local\Temp\ts-node-dev-hook-7132291038653793.js:114:20)
    at require.extensions.<computed> (C:\Users\juand\AppData\Local\Temp\ts-node-dev-hook-7132291038653793.js:71:20)
    at Object.nodeDevHook [as .ts] (C:\Users\juand\OneDrive\Escritorio\Projects\Personal-projects\To-do-List\node_modules\ts-node-dev\lib\hook.js:63:13)
    at Module.load (node:internal/modules/cjs/loader:1207:32)
    at Function.Module._load (node:internal/modules/cjs/loader:1023:12)
2024-03-20 18:06:54 error: uncaughtException: ⨯ Unable to compile TypeScript:
src/routes/user/user.routes.ts(1,18): error TS6133: 'Request' is declared but its value is never read.
src/routes/user/user.routes.ts(1,27): error TS6133: 'Response' is declared but its value is never read.

Error: ⨯ Unable to compile TypeScript:
src/routes/user/user.routes.ts(1,18): error TS6133: 'Request' is declared but its value is never read.
src/routes/user/user.routes.ts(1,27): error TS6133: 'Response' is declared but its value is never read.

    at Object.<anonymous> (C:\Users\juand\OneDrive\Escritorio\Projects\Personal-projects\To-do-List\src\routes\user\user.routes.ts:1:7)
    at Module._compile (node:internal/modules/cjs/loader:1376:14)
    at Module._compile (C:\Users\juand\OneDrive\Escritorio\Projects\Personal-projects\To-do-List\node_modules\source-map-support\source-map-support.js:568:25)
    at Module.m._compile (C:\Users\juand\AppData\Local\Temp\ts-node-dev-hook-7132291038653793.js:69:33)
    at Module._extensions..js (node:internal/modules/cjs/loader:1435:10)
    at require.extensions..jsx.require.extensions..js (C:\Users\juand\AppData\Local\Temp\ts-node-dev-hook-7132291038653793.js:114:20)
    at require.extensions.<computed> (C:\Users\juand\AppData\Local\Temp\ts-node-dev-hook-7132291038653793.js:71:20)
    at Object.nodeDevHook [as .ts] (C:\Users\juand\OneDrive\Escritorio\Projects\Personal-projects\To-do-List\node_modules\ts-node-dev\lib\hook.js:63:13)
    at Module.load (node:internal/modules/cjs/loader:1207:32)
    at Function.Module._load (node:internal/modules/cjs/loader:1023:12)
