2024-04-08 19:25:40 error: uncaughtException: ⨯ Unable to compile TypeScript:
src/routes/user/user.routes.ts(7,27): error TS6133: 'passportLocal' is declared but its value is never read.
src/routes/user/user.routes.ts(23,48): error TS2552: Cannot find name 'passportLoca9l'. Did you mean 'passportLocal'?

Error: ⨯ Unable to compile TypeScript:
src/routes/user/user.routes.ts(7,27): error TS6133: 'passportLocal' is declared but its value is never read.
src/routes/user/user.routes.ts(23,48): error TS2552: Cannot find name 'passportLoca9l'. Did you mean 'passportLocal'?

    at Object.<anonymous> (C:\Users\juand\OneDrive\Escritorio\Projects\Personal-projects\To-do-List\src\routes\user\user.routes.ts:1:7)
    at Module._compile (node:internal/modules/cjs/loader:1376:14)
    at Module._compile (C:\Users\juand\OneDrive\Escritorio\Projects\Personal-projects\To-do-List\node_modules\source-map-support\source-map-support.js:568:25)
    at Module.m._compile (C:\Users\juand\AppData\Local\Temp\ts-node-dev-hook-5027378895562709.js:69:33)
    at Module._extensions..js (node:internal/modules/cjs/loader:1435:10)
    at require.extensions..jsx.require.extensions..js (C:\Users\juand\AppData\Local\Temp\ts-node-dev-hook-5027378895562709.js:114:20)
    at require.extensions.<computed> (C:\Users\juand\AppData\Local\Temp\ts-node-dev-hook-5027378895562709.js:71:20)
    at Object.nodeDevHook [as .ts] (C:\Users\juand\OneDrive\Escritorio\Projects\Personal-projects\To-do-List\node_modules\ts-node-dev\lib\hook.js:63:13)
    at Module.load (node:internal/modules/cjs/loader:1207:32)
    at Function.Module._load (node:internal/modules/cjs/loader:1023:12)
2024-04-08 19:58:42 error: uncaughtException: ⨯ Unable to compile TypeScript:
src/auth/middlewares/auth.middleware.ts(2,22): error TS2307: Cannot find module '' or its corresponding type declarations.

Error: ⨯ Unable to compile TypeScript:
src/auth/middlewares/auth.middleware.ts(2,22): error TS2307: Cannot find module '' or its corresponding type declarations.

    at Object.<anonymous> (C:\Users\juand\OneDrive\Escritorio\Projects\Personal-projects\To-do-List\src\auth\middlewares\auth.middleware.ts:1:7)
    at Module._compile (node:internal/modules/cjs/loader:1376:14)
    at Module._compile (C:\Users\juand\OneDrive\Escritorio\Projects\Personal-projects\To-do-List\node_modules\source-map-support\source-map-support.js:568:25)
    at Module.m._compile (C:\Users\juand\AppData\Local\Temp\ts-node-dev-hook-5027378895562709.js:69:33)
    at Module._extensions..js (node:internal/modules/cjs/loader:1435:10)
    at require.extensions..jsx.require.extensions..js (C:\Users\juand\AppData\Local\Temp\ts-node-dev-hook-5027378895562709.js:114:20)
    at require.extensions.<computed> (C:\Users\juand\AppData\Local\Temp\ts-node-dev-hook-5027378895562709.js:71:20)
    at Object.nodeDevHook [as .ts] (C:\Users\juand\OneDrive\Escritorio\Projects\Personal-projects\To-do-List\node_modules\ts-node-dev\lib\hook.js:63:13)
    at Module.load (node:internal/modules/cjs/loader:1207:32)
    at Function.Module._load (node:internal/modules/cjs/loader:1023:12)
2024-04-08 19:58:51 error: uncaughtException: ⨯ Unable to compile TypeScript:
src/auth/middlewares/auth.middleware.ts(2,22): error TS2307: Cannot find module '../controllers' or its corresponding type declarations.

Error: ⨯ Unable to compile TypeScript:
src/auth/middlewares/auth.middleware.ts(2,22): error TS2307: Cannot find module '../controllers' or its corresponding type declarations.

    at Object.<anonymous> (C:\Users\juand\OneDrive\Escritorio\Projects\Personal-projects\To-do-List\src\auth\middlewares\auth.middleware.ts:1:7)
    at Module._compile (node:internal/modules/cjs/loader:1376:14)
    at Module._compile (C:\Users\juand\OneDrive\Escritorio\Projects\Personal-projects\To-do-List\node_modules\source-map-support\source-map-support.js:568:25)
    at Module.m._compile (C:\Users\juand\AppData\Local\Temp\ts-node-dev-hook-5027378895562709.js:69:33)
    at Module._extensions..js (node:internal/modules/cjs/loader:1435:10)
    at require.extensions..jsx.require.extensions..js (C:\Users\juand\AppData\Local\Temp\ts-node-dev-hook-5027378895562709.js:114:20)
    at require.extensions.<computed> (C:\Users\juand\AppData\Local\Temp\ts-node-dev-hook-5027378895562709.js:71:20)
    at Object.nodeDevHook [as .ts] (C:\Users\juand\OneDrive\Escritorio\Projects\Personal-projects\To-do-List\node_modules\ts-node-dev\lib\hook.js:63:13)
    at Module.load (node:internal/modules/cjs/loader:1207:32)
    at Function.Module._load (node:internal/modules/cjs/loader:1023:12)
2024-04-08 20:00:05 error: uncaughtException: ⨯ Unable to compile TypeScript:
src/auth/middlewares/auth.middleware.ts(21,30): error TS2304: Cannot find name 'passport'.

Error: ⨯ Unable to compile TypeScript:
src/auth/middlewares/auth.middleware.ts(21,30): error TS2304: Cannot find name 'passport'.

    at Object.<anonymous> (C:\Users\juand\OneDrive\Escritorio\Projects\Personal-projects\To-do-List\src\auth\middlewares\auth.middleware.ts:1:7)
    at Module._compile (node:internal/modules/cjs/loader:1376:14)
    at Module._compile (C:\Users\juand\OneDrive\Escritorio\Projects\Personal-projects\To-do-List\node_modules\source-map-support\source-map-support.js:568:25)
    at Module.m._compile (C:\Users\juand\AppData\Local\Temp\ts-node-dev-hook-5027378895562709.js:69:33)
    at Module._extensions..js (node:internal/modules/cjs/loader:1435:10)
    at require.extensions..jsx.require.extensions..js (C:\Users\juand\AppData\Local\Temp\ts-node-dev-hook-5027378895562709.js:114:20)
    at require.extensions.<computed> (C:\Users\juand\AppData\Local\Temp\ts-node-dev-hook-5027378895562709.js:71:20)
    at Object.nodeDevHook [as .ts] (C:\Users\juand\OneDrive\Escritorio\Projects\Personal-projects\To-do-List\node_modules\ts-node-dev\lib\hook.js:63:13)
    at Module.load (node:internal/modules/cjs/loader:1207:32)
    at Function.Module._load (node:internal/modules/cjs/loader:1023:12)
