2024-04-06 18:20:40 error: uncaughtException: тип Unable to compile TypeScript:
src/user/controllers/create.user.controller.ts(4,37): error TS7030: Not all code paths return a value.
src/user/controllers/create.user.controller.ts(15,3): error TS1005: 'try' expected.
src/user/controllers/create.user.controller.ts(19,2): error TS1472: 'catch' or 'finally' expected.
src/user/controllers/create.user.controller.ts(20,1): error TS1005: '}' expected.

Error: тип Unable to compile TypeScript:
src/user/controllers/create.user.controller.ts(4,37): error TS7030: Not all code paths return a value.
src/user/controllers/create.user.controller.ts(15,3): error TS1005: 'try' expected.
src/user/controllers/create.user.controller.ts(19,2): error TS1472: 'catch' or 'finally' expected.
src/user/controllers/create.user.controller.ts(20,1): error TS1005: '}' expected.

    at Object.<anonymous> (C:\Users\juand\OneDrive\Escritorio\Projects\Personal-projects\To-do-List\src\user\controllers\create.user.controller.ts:1:7)
    at Module._compile (node:internal/modules/cjs/loader:1376:14)
    at Module._compile (C:\Users\juand\OneDrive\Escritorio\Projects\Personal-projects\To-do-List\node_modules\source-map-support\source-map-support.js:568:25)
    at Module.m._compile (C:\Users\juand\AppData\Local\Temp\ts-node-dev-hook-014471182091992496.js:69:33)
    at Module._extensions..js (node:internal/modules/cjs/loader:1435:10)
    at require.extensions..jsx.require.extensions..js (C:\Users\juand\AppData\Local\Temp\ts-node-dev-hook-014471182091992496.js:114:20)
    at require.extensions.<computed> (C:\Users\juand\AppData\Local\Temp\ts-node-dev-hook-014471182091992496.js:71:20)
    at Object.nodeDevHook [as .ts] (C:\Users\juand\OneDrive\Escritorio\Projects\Personal-projects\To-do-List\node_modules\ts-node-dev\lib\hook.js:63:13)
    at Module.load (node:internal/modules/cjs/loader:1207:32)
    at Function.Module._load (node:internal/modules/cjs/loader:1023:12)
