2024-04-14 18:22:43 error: uncaughtException: ⨯ Unable to compile TypeScript:
src/user/controllers/upload.user.avatar.ts(14,11): error TS2304: Cannot find name 'req'.
src/user/controllers/upload.user.avatar.ts(15,32): error TS2304: Cannot find name 'req'.
src/user/controllers/upload.user.avatar.ts(15,37): error TS2304: Cannot find name 'res'.
src/user/controllers/upload.user.avatar.ts(18,14): error TS2304: Cannot find name 'res'.
src/user/controllers/upload.user.avatar.ts(20,12): error TS2304: Cannot find name 'next'.
src/user/controllers/upload.user.avatar.ts(14,3): error TS1128: Declaration or statement expected.
src/user/controllers/upload.user.avatar.ts(23,1): error TS1128: Declaration or statement expected.

Error: ⨯ Unable to compile TypeScript:
src/user/controllers/upload.user.avatar.ts(14,11): error TS2304: Cannot find name 'req'.
src/user/controllers/upload.user.avatar.ts(15,32): error TS2304: Cannot find name 'req'.
src/user/controllers/upload.user.avatar.ts(15,37): error TS2304: Cannot find name 'res'.
src/user/controllers/upload.user.avatar.ts(18,14): error TS2304: Cannot find name 'res'.
src/user/controllers/upload.user.avatar.ts(20,12): error TS2304: Cannot find name 'next'.
src/user/controllers/upload.user.avatar.ts(14,3): error TS1128: Declaration or statement expected.
src/user/controllers/upload.user.avatar.ts(23,1): error TS1128: Declaration or statement expected.

    at Object.<anonymous> (C:\Users\juand\OneDrive\Escritorio\Projects\Personal-projects\To-do-List\src\user\controllers\upload.user.avatar.ts:1:7)
    at Module._compile (node:internal/modules/cjs/loader:1376:14)
    at Module._compile (C:\Users\juand\OneDrive\Escritorio\Projects\Personal-projects\To-do-List\node_modules\source-map-support\source-map-support.js:568:25)
    at Module.m._compile (C:\Users\juand\AppData\Local\Temp\ts-node-dev-hook-4359444782967212.js:69:33)
    at Module._extensions..js (node:internal/modules/cjs/loader:1435:10)
    at require.extensions..jsx.require.extensions..js (C:\Users\juand\AppData\Local\Temp\ts-node-dev-hook-4359444782967212.js:114:20)
    at require.extensions.<computed> (C:\Users\juand\AppData\Local\Temp\ts-node-dev-hook-4359444782967212.js:71:20)
    at Object.nodeDevHook [as .ts] (C:\Users\juand\OneDrive\Escritorio\Projects\Personal-projects\To-do-List\node_modules\ts-node-dev\lib\hook.js:63:13)
    at Module.load (node:internal/modules/cjs/loader:1207:32)
    at Function.Module._load (node:internal/modules/cjs/loader:1023:12)
2024-04-14 18:23:05 error: uncaughtException: ⨯ Unable to compile TypeScript:
src/user/controllers/upload.user.avatar.ts(12,5): error TS1005: '(' expected.

Error: ⨯ Unable to compile TypeScript:
src/user/controllers/upload.user.avatar.ts(12,5): error TS1005: '(' expected.

    at Object.<anonymous> (C:\Users\juand\OneDrive\Escritorio\Projects\Personal-projects\To-do-List\src\user\controllers\upload.user.avatar.ts:1:7)
    at Module._compile (node:internal/modules/cjs/loader:1376:14)
    at Module._compile (C:\Users\juand\OneDrive\Escritorio\Projects\Personal-projects\To-do-List\node_modules\source-map-support\source-map-support.js:568:25)
    at Module.m._compile (C:\Users\juand\AppData\Local\Temp\ts-node-dev-hook-4359444782967212.js:69:33)
    at Module._extensions..js (node:internal/modules/cjs/loader:1435:10)
    at require.extensions..jsx.require.extensions..js (C:\Users\juand\AppData\Local\Temp\ts-node-dev-hook-4359444782967212.js:114:20)
    at require.extensions.<computed> (C:\Users\juand\AppData\Local\Temp\ts-node-dev-hook-4359444782967212.js:71:20)
    at Object.nodeDevHook [as .ts] (C:\Users\juand\OneDrive\Escritorio\Projects\Personal-projects\To-do-List\node_modules\ts-node-dev\lib\hook.js:63:13)
    at Module.load (node:internal/modules/cjs/loader:1207:32)
    at Function.Module._load (node:internal/modules/cjs/loader:1023:12)
2024-04-14 18:23:10 error: uncaughtException: ⨯ Unable to compile TypeScript:
src/user/controllers/upload.user.avatar.ts(11,15): error TS1005: '(' expected.
src/user/controllers/upload.user.avatar.ts(14,5): error TS1005: ')' expected.

Error: ⨯ Unable to compile TypeScript:
src/user/controllers/upload.user.avatar.ts(11,15): error TS1005: '(' expected.
src/user/controllers/upload.user.avatar.ts(14,5): error TS1005: ')' expected.

    at Object.<anonymous> (C:\Users\juand\OneDrive\Escritorio\Projects\Personal-projects\To-do-List\src\user\controllers\upload.user.avatar.ts:1:7)
    at Module._compile (node:internal/modules/cjs/loader:1376:14)
    at Module._compile (C:\Users\juand\OneDrive\Escritorio\Projects\Personal-projects\To-do-List\node_modules\source-map-support\source-map-support.js:568:25)
    at Module.m._compile (C:\Users\juand\AppData\Local\Temp\ts-node-dev-hook-4359444782967212.js:69:33)
    at Module._extensions..js (node:internal/modules/cjs/loader:1435:10)
    at require.extensions..jsx.require.extensions..js (C:\Users\juand\AppData\Local\Temp\ts-node-dev-hook-4359444782967212.js:114:20)
    at require.extensions.<computed> (C:\Users\juand\AppData\Local\Temp\ts-node-dev-hook-4359444782967212.js:71:20)
    at Object.nodeDevHook [as .ts] (C:\Users\juand\OneDrive\Escritorio\Projects\Personal-projects\To-do-List\node_modules\ts-node-dev\lib\hook.js:63:13)
    at Module.load (node:internal/modules/cjs/loader:1207:32)
    at Function.Module._load (node:internal/modules/cjs/loader:1023:12)
2024-04-14 18:23:18 error: uncaughtException: ⨯ Unable to compile TypeScript:
src/user/controllers/upload.user.avatar.ts(12,9): error TS18004: No value exists in scope for the shorthand property 'logger'. Either declare one or provide an initializer.
src/user/controllers/upload.user.avatar.ts(11,15): error TS1005: '(' expected.
src/user/controllers/upload.user.avatar.ts(12,15): error TS1005: ',' expected.
src/user/controllers/upload.user.avatar.ts(14,5): error TS1005: ')' expected.

Error: ⨯ Unable to compile TypeScript:
src/user/controllers/upload.user.avatar.ts(12,9): error TS18004: No value exists in scope for the shorthand property 'logger'. Either declare one or provide an initializer.
src/user/controllers/upload.user.avatar.ts(11,15): error TS1005: '(' expected.
src/user/controllers/upload.user.avatar.ts(12,15): error TS1005: ',' expected.
src/user/controllers/upload.user.avatar.ts(14,5): error TS1005: ')' expected.

    at Object.<anonymous> (C:\Users\juand\OneDrive\Escritorio\Projects\Personal-projects\To-do-List\src\user\controllers\upload.user.avatar.ts:1:7)
    at Module._compile (node:internal/modules/cjs/loader:1376:14)
    at Module._compile (C:\Users\juand\OneDrive\Escritorio\Projects\Personal-projects\To-do-List\node_modules\source-map-support\source-map-support.js:568:25)
    at Module.m._compile (C:\Users\juand\AppData\Local\Temp\ts-node-dev-hook-4359444782967212.js:69:33)
    at Module._extensions..js (node:internal/modules/cjs/loader:1435:10)
    at require.extensions..jsx.require.extensions..js (C:\Users\juand\AppData\Local\Temp\ts-node-dev-hook-4359444782967212.js:114:20)
    at require.extensions.<computed> (C:\Users\juand\AppData\Local\Temp\ts-node-dev-hook-4359444782967212.js:71:20)
    at Object.nodeDevHook [as .ts] (C:\Users\juand\OneDrive\Escritorio\Projects\Personal-projects\To-do-List\node_modules\ts-node-dev\lib\hook.js:63:13)
    at Module.load (node:internal/modules/cjs/loader:1207:32)
    at Function.Module._load (node:internal/modules/cjs/loader:1023:12)
2024-04-14 18:23:26 error: uncaughtException: ⨯ Unable to compile TypeScript:
src/user/controllers/upload.user.avatar.ts(12,9): error TS18004: No value exists in scope for the shorthand property 'logger'. Either declare one or provide an initializer.
src/user/controllers/upload.user.avatar.ts(11,15): error TS1005: '(' expected.
src/user/controllers/upload.user.avatar.ts(12,15): error TS1005: ',' expected.
src/user/controllers/upload.user.avatar.ts(14,5): error TS1005: ')' expected.

Error: ⨯ Unable to compile TypeScript:
src/user/controllers/upload.user.avatar.ts(12,9): error TS18004: No value exists in scope for the shorthand property 'logger'. Either declare one or provide an initializer.
src/user/controllers/upload.user.avatar.ts(11,15): error TS1005: '(' expected.
src/user/controllers/upload.user.avatar.ts(12,15): error TS1005: ',' expected.
src/user/controllers/upload.user.avatar.ts(14,5): error TS1005: ')' expected.

    at Object.<anonymous> (C:\Users\juand\OneDrive\Escritorio\Projects\Personal-projects\To-do-List\src\user\controllers\upload.user.avatar.ts:1:7)
    at Module._compile (node:internal/modules/cjs/loader:1376:14)
    at Module._compile (C:\Users\juand\OneDrive\Escritorio\Projects\Personal-projects\To-do-List\node_modules\source-map-support\source-map-support.js:568:25)
    at Module.m._compile (C:\Users\juand\AppData\Local\Temp\ts-node-dev-hook-4359444782967212.js:69:33)
    at Module._extensions..js (node:internal/modules/cjs/loader:1435:10)
    at require.extensions..jsx.require.extensions..js (C:\Users\juand\AppData\Local\Temp\ts-node-dev-hook-4359444782967212.js:114:20)
    at require.extensions.<computed> (C:\Users\juand\AppData\Local\Temp\ts-node-dev-hook-4359444782967212.js:71:20)
    at Object.nodeDevHook [as .ts] (C:\Users\juand\OneDrive\Escritorio\Projects\Personal-projects\To-do-List\node_modules\ts-node-dev\lib\hook.js:63:13)
    at Module.load (node:internal/modules/cjs/loader:1207:32)
    at Function.Module._load (node:internal/modules/cjs/loader:1023:12)
2024-04-14 18:23:31 error: uncaughtException: ⨯ Unable to compile TypeScript:
src/user/controllers/upload.user.avatar.ts(12,9): error TS18004: No value exists in scope for the shorthand property 'logger'. Either declare one or provide an initializer.
src/user/controllers/upload.user.avatar.ts(11,15): error TS1005: '(' expected.
src/user/controllers/upload.user.avatar.ts(12,15): error TS1005: ',' expected.
src/user/controllers/upload.user.avatar.ts(14,5): error TS1005: ')' expected.

Error: ⨯ Unable to compile TypeScript:
src/user/controllers/upload.user.avatar.ts(12,9): error TS18004: No value exists in scope for the shorthand property 'logger'. Either declare one or provide an initializer.
src/user/controllers/upload.user.avatar.ts(11,15): error TS1005: '(' expected.
src/user/controllers/upload.user.avatar.ts(12,15): error TS1005: ',' expected.
src/user/controllers/upload.user.avatar.ts(14,5): error TS1005: ')' expected.

    at Object.<anonymous> (C:\Users\juand\OneDrive\Escritorio\Projects\Personal-projects\To-do-List\src\user\controllers\upload.user.avatar.ts:1:7)
    at Module._compile (node:internal/modules/cjs/loader:1376:14)
    at Module._compile (C:\Users\juand\OneDrive\Escritorio\Projects\Personal-projects\To-do-List\node_modules\source-map-support\source-map-support.js:568:25)
    at Module.m._compile (C:\Users\juand\AppData\Local\Temp\ts-node-dev-hook-4359444782967212.js:69:33)
    at Module._extensions..js (node:internal/modules/cjs/loader:1435:10)
    at require.extensions..jsx.require.extensions..js (C:\Users\juand\AppData\Local\Temp\ts-node-dev-hook-4359444782967212.js:114:20)
    at require.extensions.<computed> (C:\Users\juand\AppData\Local\Temp\ts-node-dev-hook-4359444782967212.js:71:20)
    at Object.nodeDevHook [as .ts] (C:\Users\juand\OneDrive\Escritorio\Projects\Personal-projects\To-do-List\node_modules\ts-node-dev\lib\hook.js:63:13)
    at Module.load (node:internal/modules/cjs/loader:1207:32)
    at Function.Module._load (node:internal/modules/cjs/loader:1023:12)
2024-04-14 18:23:39 error: uncaughtException: ⨯ Unable to compile TypeScript:
src/user/controllers/upload.user.avatar.ts(4,1): error TS6133: 'Logger' is declared but its value is never read.
src/user/controllers/upload.user.avatar.ts(13,9): error TS2552: Cannot find name 'logger'. Did you mean 'Logger'?
src/user/controllers/upload.user.avatar.ts(12,15): error TS1005: '(' expected.
src/user/controllers/upload.user.avatar.ts(13,15): error TS1005: ',' expected.
src/user/controllers/upload.user.avatar.ts(15,5): error TS1005: ')' expected.

Error: ⨯ Unable to compile TypeScript:
src/user/controllers/upload.user.avatar.ts(4,1): error TS6133: 'Logger' is declared but its value is never read.
src/user/controllers/upload.user.avatar.ts(13,9): error TS2552: Cannot find name 'logger'. Did you mean 'Logger'?
src/user/controllers/upload.user.avatar.ts(12,15): error TS1005: '(' expected.
src/user/controllers/upload.user.avatar.ts(13,15): error TS1005: ',' expected.
src/user/controllers/upload.user.avatar.ts(15,5): error TS1005: ')' expected.

    at Object.<anonymous> (C:\Users\juand\OneDrive\Escritorio\Projects\Personal-projects\To-do-List\src\user\controllers\upload.user.avatar.ts:1:7)
    at Module._compile (node:internal/modules/cjs/loader:1376:14)
    at Module._compile (C:\Users\juand\OneDrive\Escritorio\Projects\Personal-projects\To-do-List\node_modules\source-map-support\source-map-support.js:568:25)
    at Module.m._compile (C:\Users\juand\AppData\Local\Temp\ts-node-dev-hook-4359444782967212.js:69:33)
    at Module._extensions..js (node:internal/modules/cjs/loader:1435:10)
    at require.extensions..jsx.require.extensions..js (C:\Users\juand\AppData\Local\Temp\ts-node-dev-hook-4359444782967212.js:114:20)
    at require.extensions.<computed> (C:\Users\juand\AppData\Local\Temp\ts-node-dev-hook-4359444782967212.js:71:20)
    at Object.nodeDevHook [as .ts] (C:\Users\juand\OneDrive\Escritorio\Projects\Personal-projects\To-do-List\node_modules\ts-node-dev\lib\hook.js:63:13)
    at Module.load (node:internal/modules/cjs/loader:1207:32)
    at Function.Module._load (node:internal/modules/cjs/loader:1023:12)
2024-04-14 18:23:45 error: uncaughtException: ⨯ Unable to compile TypeScript:
src/user/controllers/upload.user.avatar.ts(4,10): error TS2724: '"winston"' has no exported member named 'logger'. Did you mean 'Logger'?
src/user/controllers/upload.user.avatar.ts(12,15): error TS1005: '(' expected.
src/user/controllers/upload.user.avatar.ts(13,15): error TS1005: ',' expected.
src/user/controllers/upload.user.avatar.ts(15,5): error TS1005: ')' expected.

Error: ⨯ Unable to compile TypeScript:
src/user/controllers/upload.user.avatar.ts(4,10): error TS2724: '"winston"' has no exported member named 'logger'. Did you mean 'Logger'?
src/user/controllers/upload.user.avatar.ts(12,15): error TS1005: '(' expected.
src/user/controllers/upload.user.avatar.ts(13,15): error TS1005: ',' expected.
src/user/controllers/upload.user.avatar.ts(15,5): error TS1005: ')' expected.

    at Object.<anonymous> (C:\Users\juand\OneDrive\Escritorio\Projects\Personal-projects\To-do-List\src\user\controllers\upload.user.avatar.ts:1:7)
    at Module._compile (node:internal/modules/cjs/loader:1376:14)
    at Module._compile (C:\Users\juand\OneDrive\Escritorio\Projects\Personal-projects\To-do-List\node_modules\source-map-support\source-map-support.js:568:25)
    at Module.m._compile (C:\Users\juand\AppData\Local\Temp\ts-node-dev-hook-4359444782967212.js:69:33)
    at Module._extensions..js (node:internal/modules/cjs/loader:1435:10)
    at require.extensions..jsx.require.extensions..js (C:\Users\juand\AppData\Local\Temp\ts-node-dev-hook-4359444782967212.js:114:20)
    at require.extensions.<computed> (C:\Users\juand\AppData\Local\Temp\ts-node-dev-hook-4359444782967212.js:71:20)
    at Object.nodeDevHook [as .ts] (C:\Users\juand\OneDrive\Escritorio\Projects\Personal-projects\To-do-List\node_modules\ts-node-dev\lib\hook.js:63:13)
    at Module.load (node:internal/modules/cjs/loader:1207:32)
    at Function.Module._load (node:internal/modules/cjs/loader:1023:12)
2024-04-14 18:23:51 error: uncaughtException: ⨯ Unable to compile TypeScript:
src/user/controllers/upload.user.avatar.ts(4,24): error TS2307: Cannot find module '.' or its corresponding type declarations.
src/user/controllers/upload.user.avatar.ts(12,15): error TS1005: '(' expected.
src/user/controllers/upload.user.avatar.ts(13,15): error TS1005: ',' expected.
src/user/controllers/upload.user.avatar.ts(15,5): error TS1005: ')' expected.

Error: ⨯ Unable to compile TypeScript:
src/user/controllers/upload.user.avatar.ts(4,24): error TS2307: Cannot find module '.' or its corresponding type declarations.
src/user/controllers/upload.user.avatar.ts(12,15): error TS1005: '(' expected.
src/user/controllers/upload.user.avatar.ts(13,15): error TS1005: ',' expected.
src/user/controllers/upload.user.avatar.ts(15,5): error TS1005: ')' expected.

    at Object.<anonymous> (C:\Users\juand\OneDrive\Escritorio\Projects\Personal-projects\To-do-List\src\user\controllers\upload.user.avatar.ts:1:7)
    at Module._compile (node:internal/modules/cjs/loader:1376:14)
    at Module._compile (C:\Users\juand\OneDrive\Escritorio\Projects\Personal-projects\To-do-List\node_modules\source-map-support\source-map-support.js:568:25)
    at Module.m._compile (C:\Users\juand\AppData\Local\Temp\ts-node-dev-hook-4359444782967212.js:69:33)
    at Module._extensions..js (node:internal/modules/cjs/loader:1435:10)
    at require.extensions..jsx.require.extensions..js (C:\Users\juand\AppData\Local\Temp\ts-node-dev-hook-4359444782967212.js:114:20)
    at require.extensions.<computed> (C:\Users\juand\AppData\Local\Temp\ts-node-dev-hook-4359444782967212.js:71:20)
    at Object.nodeDevHook [as .ts] (C:\Users\juand\OneDrive\Escritorio\Projects\Personal-projects\To-do-List\node_modules\ts-node-dev\lib\hook.js:63:13)
    at Module.load (node:internal/modules/cjs/loader:1207:32)
    at Function.Module._load (node:internal/modules/cjs/loader:1023:12)
2024-04-14 18:23:57 error: uncaughtException: ⨯ Unable to compile TypeScript:
src/user/controllers/upload.user.avatar.ts(4,24): error TS2307: Cannot find module '../' or its corresponding type declarations.
src/user/controllers/upload.user.avatar.ts(12,15): error TS1005: '(' expected.
src/user/controllers/upload.user.avatar.ts(13,15): error TS1005: ',' expected.
src/user/controllers/upload.user.avatar.ts(15,5): error TS1005: ')' expected.

Error: ⨯ Unable to compile TypeScript:
src/user/controllers/upload.user.avatar.ts(4,24): error TS2307: Cannot find module '../' or its corresponding type declarations.
src/user/controllers/upload.user.avatar.ts(12,15): error TS1005: '(' expected.
src/user/controllers/upload.user.avatar.ts(13,15): error TS1005: ',' expected.
src/user/controllers/upload.user.avatar.ts(15,5): error TS1005: ')' expected.

    at Object.<anonymous> (C:\Users\juand\OneDrive\Escritorio\Projects\Personal-projects\To-do-List\src\user\controllers\upload.user.avatar.ts:1:7)
    at Module._compile (node:internal/modules/cjs/loader:1376:14)
    at Module._compile (C:\Users\juand\OneDrive\Escritorio\Projects\Personal-projects\To-do-List\node_modules\source-map-support\source-map-support.js:568:25)
    at Module.m._compile (C:\Users\juand\AppData\Local\Temp\ts-node-dev-hook-4359444782967212.js:69:33)
    at Module._extensions..js (node:internal/modules/cjs/loader:1435:10)
    at require.extensions..jsx.require.extensions..js (C:\Users\juand\AppData\Local\Temp\ts-node-dev-hook-4359444782967212.js:114:20)
    at require.extensions.<computed> (C:\Users\juand\AppData\Local\Temp\ts-node-dev-hook-4359444782967212.js:71:20)
    at Object.nodeDevHook [as .ts] (C:\Users\juand\OneDrive\Escritorio\Projects\Personal-projects\To-do-List\node_modules\ts-node-dev\lib\hook.js:63:13)
    at Module.load (node:internal/modules/cjs/loader:1207:32)
    at Function.Module._load (node:internal/modules/cjs/loader:1023:12)
2024-04-14 18:24:02 error: uncaughtException: ⨯ Unable to compile TypeScript:
src/user/controllers/upload.user.avatar.ts(4,24): error TS2307: Cannot find module '../services/' or its corresponding type declarations.
src/user/controllers/upload.user.avatar.ts(12,15): error TS1005: '(' expected.
src/user/controllers/upload.user.avatar.ts(13,15): error TS1005: ',' expected.
src/user/controllers/upload.user.avatar.ts(15,5): error TS1005: ')' expected.

Error: ⨯ Unable to compile TypeScript:
src/user/controllers/upload.user.avatar.ts(4,24): error TS2307: Cannot find module '../services/' or its corresponding type declarations.
src/user/controllers/upload.user.avatar.ts(12,15): error TS1005: '(' expected.
src/user/controllers/upload.user.avatar.ts(13,15): error TS1005: ',' expected.
src/user/controllers/upload.user.avatar.ts(15,5): error TS1005: ')' expected.

    at Object.<anonymous> (C:\Users\juand\OneDrive\Escritorio\Projects\Personal-projects\To-do-List\src\user\controllers\upload.user.avatar.ts:1:7)
    at Module._compile (node:internal/modules/cjs/loader:1376:14)
    at Module._compile (C:\Users\juand\OneDrive\Escritorio\Projects\Personal-projects\To-do-List\node_modules\source-map-support\source-map-support.js:568:25)
    at Module.m._compile (C:\Users\juand\AppData\Local\Temp\ts-node-dev-hook-4359444782967212.js:69:33)
    at Module._extensions..js (node:internal/modules/cjs/loader:1435:10)
    at require.extensions..jsx.require.extensions..js (C:\Users\juand\AppData\Local\Temp\ts-node-dev-hook-4359444782967212.js:114:20)
    at require.extensions.<computed> (C:\Users\juand\AppData\Local\Temp\ts-node-dev-hook-4359444782967212.js:71:20)
    at Object.nodeDevHook [as .ts] (C:\Users\juand\OneDrive\Escritorio\Projects\Personal-projects\To-do-List\node_modules\ts-node-dev\lib\hook.js:63:13)
    at Module.load (node:internal/modules/cjs/loader:1207:32)
    at Function.Module._load (node:internal/modules/cjs/loader:1023:12)
2024-04-14 18:24:06 error: uncaughtException: ⨯ Unable to compile TypeScript:
src/user/controllers/upload.user.avatar.ts(4,24): error TS2307: Cannot find module '../' or its corresponding type declarations.
src/user/controllers/upload.user.avatar.ts(12,15): error TS1005: '(' expected.
src/user/controllers/upload.user.avatar.ts(13,15): error TS1005: ',' expected.
src/user/controllers/upload.user.avatar.ts(15,5): error TS1005: ')' expected.

Error: ⨯ Unable to compile TypeScript:
src/user/controllers/upload.user.avatar.ts(4,24): error TS2307: Cannot find module '../' or its corresponding type declarations.
src/user/controllers/upload.user.avatar.ts(12,15): error TS1005: '(' expected.
src/user/controllers/upload.user.avatar.ts(13,15): error TS1005: ',' expected.
src/user/controllers/upload.user.avatar.ts(15,5): error TS1005: ')' expected.

    at Object.<anonymous> (C:\Users\juand\OneDrive\Escritorio\Projects\Personal-projects\To-do-List\src\user\controllers\upload.user.avatar.ts:1:7)
    at Module._compile (node:internal/modules/cjs/loader:1376:14)
    at Module._compile (C:\Users\juand\OneDrive\Escritorio\Projects\Personal-projects\To-do-List\node_modules\source-map-support\source-map-support.js:568:25)
    at Module.m._compile (C:\Users\juand\AppData\Local\Temp\ts-node-dev-hook-4359444782967212.js:69:33)
    at Module._extensions..js (node:internal/modules/cjs/loader:1435:10)
    at require.extensions..jsx.require.extensions..js (C:\Users\juand\AppData\Local\Temp\ts-node-dev-hook-4359444782967212.js:114:20)
    at require.extensions.<computed> (C:\Users\juand\AppData\Local\Temp\ts-node-dev-hook-4359444782967212.js:71:20)
    at Object.nodeDevHook [as .ts] (C:\Users\juand\OneDrive\Escritorio\Projects\Personal-projects\To-do-List\node_modules\ts-node-dev\lib\hook.js:63:13)
    at Module.load (node:internal/modules/cjs/loader:1207:32)
    at Function.Module._load (node:internal/modules/cjs/loader:1023:12)
2024-04-14 18:24:14 error: uncaughtException: ⨯ Unable to compile TypeScript:
src/user/controllers/upload.user.avatar.ts(12,9): error TS18004: No value exists in scope for the shorthand property 'logger'. Either declare one or provide an initializer.
src/user/controllers/upload.user.avatar.ts(11,15): error TS1005: '(' expected.
src/user/controllers/upload.user.avatar.ts(12,15): error TS1005: ',' expected.
src/user/controllers/upload.user.avatar.ts(14,5): error TS1005: ')' expected.

Error: ⨯ Unable to compile TypeScript:
src/user/controllers/upload.user.avatar.ts(12,9): error TS18004: No value exists in scope for the shorthand property 'logger'. Either declare one or provide an initializer.
src/user/controllers/upload.user.avatar.ts(11,15): error TS1005: '(' expected.
src/user/controllers/upload.user.avatar.ts(12,15): error TS1005: ',' expected.
src/user/controllers/upload.user.avatar.ts(14,5): error TS1005: ')' expected.

    at Object.<anonymous> (C:\Users\juand\OneDrive\Escritorio\Projects\Personal-projects\To-do-List\src\user\controllers\upload.user.avatar.ts:1:7)
    at Module._compile (node:internal/modules/cjs/loader:1376:14)
    at Module._compile (C:\Users\juand\OneDrive\Escritorio\Projects\Personal-projects\To-do-List\node_modules\source-map-support\source-map-support.js:568:25)
    at Module.m._compile (C:\Users\juand\AppData\Local\Temp\ts-node-dev-hook-4359444782967212.js:69:33)
    at Module._extensions..js (node:internal/modules/cjs/loader:1435:10)
    at require.extensions..jsx.require.extensions..js (C:\Users\juand\AppData\Local\Temp\ts-node-dev-hook-4359444782967212.js:114:20)
    at require.extensions.<computed> (C:\Users\juand\AppData\Local\Temp\ts-node-dev-hook-4359444782967212.js:71:20)
    at Object.nodeDevHook [as .ts] (C:\Users\juand\OneDrive\Escritorio\Projects\Personal-projects\To-do-List\node_modules\ts-node-dev\lib\hook.js:63:13)
    at Module.load (node:internal/modules/cjs/loader:1207:32)
    at Function.Module._load (node:internal/modules/cjs/loader:1023:12)
2024-04-14 18:24:23 error: uncaughtException: ⨯ Unable to compile TypeScript:
src/user/controllers/upload.user.avatar.ts(11,15): error TS1005: '(' expected.
src/user/controllers/upload.user.avatar.ts(12,16): error TS1005: ',' expected.
src/user/controllers/upload.user.avatar.ts(14,5): error TS1005: ')' expected.

Error: ⨯ Unable to compile TypeScript:
src/user/controllers/upload.user.avatar.ts(11,15): error TS1005: '(' expected.
src/user/controllers/upload.user.avatar.ts(12,16): error TS1005: ',' expected.
src/user/controllers/upload.user.avatar.ts(14,5): error TS1005: ')' expected.

    at Object.<anonymous> (C:\Users\juand\OneDrive\Escritorio\Projects\Personal-projects\To-do-List\src\user\controllers\upload.user.avatar.ts:1:7)
    at Module._compile (node:internal/modules/cjs/loader:1376:14)
    at Module._compile (C:\Users\juand\OneDrive\Escritorio\Projects\Personal-projects\To-do-List\node_modules\source-map-support\source-map-support.js:568:25)
    at Module.m._compile (C:\Users\juand\AppData\Local\Temp\ts-node-dev-hook-4359444782967212.js:69:33)
    at Module._extensions..js (node:internal/modules/cjs/loader:1435:10)
    at require.extensions..jsx.require.extensions..js (C:\Users\juand\AppData\Local\Temp\ts-node-dev-hook-4359444782967212.js:114:20)
    at require.extensions.<computed> (C:\Users\juand\AppData\Local\Temp\ts-node-dev-hook-4359444782967212.js:71:20)
    at Object.nodeDevHook [as .ts] (C:\Users\juand\OneDrive\Escritorio\Projects\Personal-projects\To-do-List\node_modules\ts-node-dev\lib\hook.js:63:13)
    at Module.load (node:internal/modules/cjs/loader:1207:32)
    at Function.Module._load (node:internal/modules/cjs/loader:1023:12)
2024-04-14 18:24:57 error: uncaughtException: ⨯ Unable to compile TypeScript:
src/user/controllers/upload.user.avatar.ts(6,42): error TS7030: Not all code paths return a value.
src/user/controllers/upload.user.avatar.ts(15,5): error TS1313: The body of an 'if' statement cannot be the empty statement.
src/user/controllers/upload.user.avatar.ts(12,8): error TS1005: ',' expected.
src/user/controllers/upload.user.avatar.ts(12,13): error TS1135: Argument expression expected.
src/user/controllers/upload.user.avatar.ts(12,16): error TS1005: '(' expected.
src/user/controllers/upload.user.avatar.ts(14,12): error TS1005: ':' expected.
src/user/controllers/upload.user.avatar.ts(14,18): error TS1005: ',' expected.

Error: ⨯ Unable to compile TypeScript:
src/user/controllers/upload.user.avatar.ts(6,42): error TS7030: Not all code paths return a value.
src/user/controllers/upload.user.avatar.ts(15,5): error TS1313: The body of an 'if' statement cannot be the empty statement.
src/user/controllers/upload.user.avatar.ts(12,8): error TS1005: ',' expected.
src/user/controllers/upload.user.avatar.ts(12,13): error TS1135: Argument expression expected.
src/user/controllers/upload.user.avatar.ts(12,16): error TS1005: '(' expected.
src/user/controllers/upload.user.avatar.ts(14,12): error TS1005: ':' expected.
src/user/controllers/upload.user.avatar.ts(14,18): error TS1005: ',' expected.

    at Object.<anonymous> (C:\Users\juand\OneDrive\Escritorio\Projects\Personal-projects\To-do-List\src\user\controllers\upload.user.avatar.ts:1:7)
    at Module._compile (node:internal/modules/cjs/loader:1376:14)
    at Module._compile (C:\Users\juand\OneDrive\Escritorio\Projects\Personal-projects\To-do-List\node_modules\source-map-support\source-map-support.js:568:25)
    at Module.m._compile (C:\Users\juand\AppData\Local\Temp\ts-node-dev-hook-4359444782967212.js:69:33)
    at Module._extensions..js (node:internal/modules/cjs/loader:1435:10)
    at require.extensions..jsx.require.extensions..js (C:\Users\juand\AppData\Local\Temp\ts-node-dev-hook-4359444782967212.js:114:20)
    at require.extensions.<computed> (C:\Users\juand\AppData\Local\Temp\ts-node-dev-hook-4359444782967212.js:71:20)
    at Object.nodeDevHook [as .ts] (C:\Users\juand\OneDrive\Escritorio\Projects\Personal-projects\To-do-List\node_modules\ts-node-dev\lib\hook.js:63:13)
    at Module.load (node:internal/modules/cjs/loader:1207:32)
    at Function.Module._load (node:internal/modules/cjs/loader:1023:12)
2024-04-14 18:25:15 error: uncaughtException: ⨯ Unable to compile TypeScript:
src/user/controllers/upload.user.avatar.ts(11,15): error TS1005: '(' expected.
src/user/controllers/upload.user.avatar.ts(14,5): error TS1005: ')' expected.

Error: ⨯ Unable to compile TypeScript:
src/user/controllers/upload.user.avatar.ts(11,15): error TS1005: '(' expected.
src/user/controllers/upload.user.avatar.ts(14,5): error TS1005: ')' expected.

    at Object.<anonymous> (C:\Users\juand\OneDrive\Escritorio\Projects\Personal-projects\To-do-List\src\user\controllers\upload.user.avatar.ts:1:7)
    at Module._compile (node:internal/modules/cjs/loader:1376:14)
    at Module._compile (C:\Users\juand\OneDrive\Escritorio\Projects\Personal-projects\To-do-List\node_modules\source-map-support\source-map-support.js:568:25)
    at Module.m._compile (C:\Users\juand\AppData\Local\Temp\ts-node-dev-hook-4359444782967212.js:69:33)
    at Module._extensions..js (node:internal/modules/cjs/loader:1435:10)
    at require.extensions..jsx.require.extensions..js (C:\Users\juand\AppData\Local\Temp\ts-node-dev-hook-4359444782967212.js:114:20)
    at require.extensions.<computed> (C:\Users\juand\AppData\Local\Temp\ts-node-dev-hook-4359444782967212.js:71:20)
    at Object.nodeDevHook [as .ts] (C:\Users\juand\OneDrive\Escritorio\Projects\Personal-projects\To-do-List\node_modules\ts-node-dev\lib\hook.js:63:13)
    at Module.load (node:internal/modules/cjs/loader:1207:32)
    at Function.Module._load (node:internal/modules/cjs/loader:1023:12)
2024-04-14 18:25:29 error: uncaughtException: ⨯ Unable to compile TypeScript:
src/user/controllers/upload.user.avatar.ts(11,15): error TS1005: '(' expected.
src/user/controllers/upload.user.avatar.ts(12,16): error TS1005: ',' expected.
src/user/controllers/upload.user.avatar.ts(14,5): error TS1005: ')' expected.

Error: ⨯ Unable to compile TypeScript:
src/user/controllers/upload.user.avatar.ts(11,15): error TS1005: '(' expected.
src/user/controllers/upload.user.avatar.ts(12,16): error TS1005: ',' expected.
src/user/controllers/upload.user.avatar.ts(14,5): error TS1005: ')' expected.

    at Object.<anonymous> (C:\Users\juand\OneDrive\Escritorio\Projects\Personal-projects\To-do-List\src\user\controllers\upload.user.avatar.ts:1:7)
    at Module._compile (node:internal/modules/cjs/loader:1376:14)
    at Module._compile (C:\Users\juand\OneDrive\Escritorio\Projects\Personal-projects\To-do-List\node_modules\source-map-support\source-map-support.js:568:25)
    at Module.m._compile (C:\Users\juand\AppData\Local\Temp\ts-node-dev-hook-4359444782967212.js:69:33)
    at Module._extensions..js (node:internal/modules/cjs/loader:1435:10)
    at require.extensions..jsx.require.extensions..js (C:\Users\juand\AppData\Local\Temp\ts-node-dev-hook-4359444782967212.js:114:20)
    at require.extensions.<computed> (C:\Users\juand\AppData\Local\Temp\ts-node-dev-hook-4359444782967212.js:71:20)
    at Object.nodeDevHook [as .ts] (C:\Users\juand\OneDrive\Escritorio\Projects\Personal-projects\To-do-List\node_modules\ts-node-dev\lib\hook.js:63:13)
    at Module.load (node:internal/modules/cjs/loader:1207:32)
    at Function.Module._load (node:internal/modules/cjs/loader:1023:12)
2024-04-14 18:25:36 error: uncaughtException: ⨯ Unable to compile TypeScript:
src/user/controllers/upload.user.avatar.ts(6,42): error TS7030: Not all code paths return a value.
src/user/controllers/upload.user.avatar.ts(11,15): error TS1005: '(' expected.
src/user/controllers/upload.user.avatar.ts(12,16): error TS1005: ',' expected.
src/user/controllers/upload.user.avatar.ts(12,56): error TS1005: ',' expected.
src/user/controllers/upload.user.avatar.ts(13,16): error TS1005: ':' expected.
src/user/controllers/upload.user.avatar.ts(13,22): error TS1005: ',' expected.
src/user/controllers/upload.user.avatar.ts(16,3): error TS1005: ')' expected.

Error: ⨯ Unable to compile TypeScript:
src/user/controllers/upload.user.avatar.ts(6,42): error TS7030: Not all code paths return a value.
src/user/controllers/upload.user.avatar.ts(11,15): error TS1005: '(' expected.
src/user/controllers/upload.user.avatar.ts(12,16): error TS1005: ',' expected.
src/user/controllers/upload.user.avatar.ts(12,56): error TS1005: ',' expected.
src/user/controllers/upload.user.avatar.ts(13,16): error TS1005: ':' expected.
src/user/controllers/upload.user.avatar.ts(13,22): error TS1005: ',' expected.
src/user/controllers/upload.user.avatar.ts(16,3): error TS1005: ')' expected.

    at Object.<anonymous> (C:\Users\juand\OneDrive\Escritorio\Projects\Personal-projects\To-do-List\src\user\controllers\upload.user.avatar.ts:1:7)
    at Module._compile (node:internal/modules/cjs/loader:1376:14)
    at Module._compile (C:\Users\juand\OneDrive\Escritorio\Projects\Personal-projects\To-do-List\node_modules\source-map-support\source-map-support.js:568:25)
    at Module.m._compile (C:\Users\juand\AppData\Local\Temp\ts-node-dev-hook-4359444782967212.js:69:33)
    at Module._extensions..js (node:internal/modules/cjs/loader:1435:10)
    at require.extensions..jsx.require.extensions..js (C:\Users\juand\AppData\Local\Temp\ts-node-dev-hook-4359444782967212.js:114:20)
    at require.extensions.<computed> (C:\Users\juand\AppData\Local\Temp\ts-node-dev-hook-4359444782967212.js:71:20)
    at Object.nodeDevHook [as .ts] (C:\Users\juand\OneDrive\Escritorio\Projects\Personal-projects\To-do-List\node_modules\ts-node-dev\lib\hook.js:63:13)
    at Module.load (node:internal/modules/cjs/loader:1207:32)
    at Function.Module._load (node:internal/modules/cjs/loader:1023:12)
2024-04-14 18:25:48 error: uncaughtException: ⨯ Unable to compile TypeScript:
src/user/controllers/upload.user.avatar.ts(6,42): error TS7030: Not all code paths return a value.
src/user/controllers/upload.user.avatar.ts(15,5): error TS1313: The body of an 'if' statement cannot be the empty statement.
src/user/controllers/upload.user.avatar.ts(11,15): error TS1005: '(' expected.
src/user/controllers/upload.user.avatar.ts(12,16): error TS1005: ',' expected.
src/user/controllers/upload.user.avatar.ts(12,56): error TS1005: ',' expected.
src/user/controllers/upload.user.avatar.ts(13,16): error TS1005: ':' expected.
src/user/controllers/upload.user.avatar.ts(13,22): error TS1005: ',' expected.
src/user/controllers/upload.user.avatar.ts(16,2): error TS1005: ')' expected.
src/user/controllers/upload.user.avatar.ts(17,1): error TS1005: '}' expected.

Error: ⨯ Unable to compile TypeScript:
src/user/controllers/upload.user.avatar.ts(6,42): error TS7030: Not all code paths return a value.
src/user/controllers/upload.user.avatar.ts(15,5): error TS1313: The body of an 'if' statement cannot be the empty statement.
src/user/controllers/upload.user.avatar.ts(11,15): error TS1005: '(' expected.
src/user/controllers/upload.user.avatar.ts(12,16): error TS1005: ',' expected.
src/user/controllers/upload.user.avatar.ts(12,56): error TS1005: ',' expected.
src/user/controllers/upload.user.avatar.ts(13,16): error TS1005: ':' expected.
src/user/controllers/upload.user.avatar.ts(13,22): error TS1005: ',' expected.
src/user/controllers/upload.user.avatar.ts(16,2): error TS1005: ')' expected.
src/user/controllers/upload.user.avatar.ts(17,1): error TS1005: '}' expected.

    at Object.<anonymous> (C:\Users\juand\OneDrive\Escritorio\Projects\Personal-projects\To-do-List\src\user\controllers\upload.user.avatar.ts:1:7)
    at Module._compile (node:internal/modules/cjs/loader:1376:14)
    at Module._compile (C:\Users\juand\OneDrive\Escritorio\Projects\Personal-projects\To-do-List\node_modules\source-map-support\source-map-support.js:568:25)
    at Module.m._compile (C:\Users\juand\AppData\Local\Temp\ts-node-dev-hook-4359444782967212.js:69:33)
    at Module._extensions..js (node:internal/modules/cjs/loader:1435:10)
    at require.extensions..jsx.require.extensions..js (C:\Users\juand\AppData\Local\Temp\ts-node-dev-hook-4359444782967212.js:114:20)
    at require.extensions.<computed> (C:\Users\juand\AppData\Local\Temp\ts-node-dev-hook-4359444782967212.js:71:20)
    at Object.nodeDevHook [as .ts] (C:\Users\juand\OneDrive\Escritorio\Projects\Personal-projects\To-do-List\node_modules\ts-node-dev\lib\hook.js:63:13)
    at Module.load (node:internal/modules/cjs/loader:1207:32)
    at Function.Module._load (node:internal/modules/cjs/loader:1023:12)
2024-04-14 18:26:55 error: uncaughtException: ⨯ Unable to compile TypeScript:
src/user/controllers/upload.user.avatar.ts(2,1): error TS6133: 'upload' is declared but its value is never read.
src/user/controllers/upload.user.avatar.ts(5,45): error TS6133: 'req' is declared but its value is never read.
src/user/controllers/upload.user.avatar.ts(5,58): error TS6133: 'res' is declared but its value is never read.
src/user/controllers/upload.user.avatar.ts(5,72): error TS6133: 'next' is declared but its value is never read.
src/user/controllers/upload.user.avatar.ts(16,1): error TS1160: Unterminated template literal.

Error: ⨯ Unable to compile TypeScript:
src/user/controllers/upload.user.avatar.ts(2,1): error TS6133: 'upload' is declared but its value is never read.
src/user/controllers/upload.user.avatar.ts(5,45): error TS6133: 'req' is declared but its value is never read.
src/user/controllers/upload.user.avatar.ts(5,58): error TS6133: 'res' is declared but its value is never read.
src/user/controllers/upload.user.avatar.ts(5,72): error TS6133: 'next' is declared but its value is never read.
src/user/controllers/upload.user.avatar.ts(16,1): error TS1160: Unterminated template literal.

    at Object.<anonymous> (C:\Users\juand\OneDrive\Escritorio\Projects\Personal-projects\To-do-List\src\user\controllers\upload.user.avatar.ts:1:7)
    at Module._compile (node:internal/modules/cjs/loader:1376:14)
    at Module._compile (C:\Users\juand\OneDrive\Escritorio\Projects\Personal-projects\To-do-List\node_modules\source-map-support\source-map-support.js:568:25)
    at Module.m._compile (C:\Users\juand\AppData\Local\Temp\ts-node-dev-hook-4359444782967212.js:69:33)
    at Module._extensions..js (node:internal/modules/cjs/loader:1435:10)
    at require.extensions..jsx.require.extensions..js (C:\Users\juand\AppData\Local\Temp\ts-node-dev-hook-4359444782967212.js:114:20)
    at require.extensions.<computed> (C:\Users\juand\AppData\Local\Temp\ts-node-dev-hook-4359444782967212.js:71:20)
    at Object.nodeDevHook [as .ts] (C:\Users\juand\OneDrive\Escritorio\Projects\Personal-projects\To-do-List\node_modules\ts-node-dev\lib\hook.js:63:13)
    at Module.load (node:internal/modules/cjs/loader:1207:32)
    at Function.Module._load (node:internal/modules/cjs/loader:1023:12)
2024-04-14 18:27:09 error: uncaughtException: ⨯ Unable to compile TypeScript:
src/user/controllers/upload.user.avatar.ts(2,1): error TS6133: 'upload' is declared but its value is never read.
src/user/controllers/upload.user.avatar.ts(5,58): error TS6133: 'res' is declared but its value is never read.
src/user/controllers/upload.user.avatar.ts(5,72): error TS6133: 'next' is declared but its value is never read.
src/user/controllers/upload.user.avatar.ts(16,1): error TS1160: Unterminated template literal.

Error: ⨯ Unable to compile TypeScript:
src/user/controllers/upload.user.avatar.ts(2,1): error TS6133: 'upload' is declared but its value is never read.
src/user/controllers/upload.user.avatar.ts(5,58): error TS6133: 'res' is declared but its value is never read.
src/user/controllers/upload.user.avatar.ts(5,72): error TS6133: 'next' is declared but its value is never read.
src/user/controllers/upload.user.avatar.ts(16,1): error TS1160: Unterminated template literal.

    at Object.<anonymous> (C:\Users\juand\OneDrive\Escritorio\Projects\Personal-projects\To-do-List\src\user\controllers\upload.user.avatar.ts:1:7)
    at Module._compile (node:internal/modules/cjs/loader:1376:14)
    at Module._compile (C:\Users\juand\OneDrive\Escritorio\Projects\Personal-projects\To-do-List\node_modules\source-map-support\source-map-support.js:568:25)
    at Module.m._compile (C:\Users\juand\AppData\Local\Temp\ts-node-dev-hook-4359444782967212.js:69:33)
    at Module._extensions..js (node:internal/modules/cjs/loader:1435:10)
    at require.extensions..jsx.require.extensions..js (C:\Users\juand\AppData\Local\Temp\ts-node-dev-hook-4359444782967212.js:114:20)
    at require.extensions.<computed> (C:\Users\juand\AppData\Local\Temp\ts-node-dev-hook-4359444782967212.js:71:20)
    at Object.nodeDevHook [as .ts] (C:\Users\juand\OneDrive\Escritorio\Projects\Personal-projects\To-do-List\node_modules\ts-node-dev\lib\hook.js:63:13)
    at Module.load (node:internal/modules/cjs/loader:1207:32)
    at Function.Module._load (node:internal/modules/cjs/loader:1023:12)
2024-04-14 18:44:48 error: uncaughtException: ⨯ Unable to compile TypeScript:
src/user/controllers/upload.user.avatar.ts(29,1): error TS1005: '}' expected.

Error: ⨯ Unable to compile TypeScript:
src/user/controllers/upload.user.avatar.ts(29,1): error TS1005: '}' expected.

    at Object.<anonymous> (C:\Users\juand\OneDrive\Escritorio\Projects\Personal-projects\To-do-List\src\user\controllers\upload.user.avatar.ts:1:7)
    at Module._compile (node:internal/modules/cjs/loader:1376:14)
    at Module._compile (C:\Users\juand\OneDrive\Escritorio\Projects\Personal-projects\To-do-List\node_modules\source-map-support\source-map-support.js:568:25)
    at Module.m._compile (C:\Users\juand\AppData\Local\Temp\ts-node-dev-hook-4359444782967212.js:69:33)
    at Module._extensions..js (node:internal/modules/cjs/loader:1435:10)
    at require.extensions..jsx.require.extensions..js (C:\Users\juand\AppData\Local\Temp\ts-node-dev-hook-4359444782967212.js:114:20)
    at require.extensions.<computed> (C:\Users\juand\AppData\Local\Temp\ts-node-dev-hook-4359444782967212.js:71:20)
    at Object.nodeDevHook [as .ts] (C:\Users\juand\OneDrive\Escritorio\Projects\Personal-projects\To-do-List\node_modules\ts-node-dev\lib\hook.js:63:13)
    at Module.load (node:internal/modules/cjs/loader:1207:32)
    at Function.Module._load (node:internal/modules/cjs/loader:1023:12)
2024-04-14 18:45:12 error: uncaughtException: ⨯ Unable to compile TypeScript:
src/user/controllers/upload.user.avatar.ts(14,3): error TS1128: Declaration or statement expected.

Error: ⨯ Unable to compile TypeScript:
src/user/controllers/upload.user.avatar.ts(14,3): error TS1128: Declaration or statement expected.

    at Object.<anonymous> (C:\Users\juand\OneDrive\Escritorio\Projects\Personal-projects\To-do-List\src\user\controllers\upload.user.avatar.ts:1:7)
    at Module._compile (node:internal/modules/cjs/loader:1376:14)
    at Module._compile (C:\Users\juand\OneDrive\Escritorio\Projects\Personal-projects\To-do-List\node_modules\source-map-support\source-map-support.js:568:25)
    at Module.m._compile (C:\Users\juand\AppData\Local\Temp\ts-node-dev-hook-4359444782967212.js:69:33)
    at Module._extensions..js (node:internal/modules/cjs/loader:1435:10)
    at require.extensions..jsx.require.extensions..js (C:\Users\juand\AppData\Local\Temp\ts-node-dev-hook-4359444782967212.js:114:20)
    at require.extensions.<computed> (C:\Users\juand\AppData\Local\Temp\ts-node-dev-hook-4359444782967212.js:71:20)
    at Object.nodeDevHook [as .ts] (C:\Users\juand\OneDrive\Escritorio\Projects\Personal-projects\To-do-List\node_modules\ts-node-dev\lib\hook.js:63:13)
    at Module.load (node:internal/modules/cjs/loader:1207:32)
    at Function.Module._load (node:internal/modules/cjs/loader:1023:12)
2024-04-14 18:50:30 error: uncaughtException: ⨯ Unable to compile TypeScript:
src/user/controllers/upload.user.avatar.ts(4,80): error TS2552: Cannot find name 'NextFunction'. Did you mean 'Function'?

Error: ⨯ Unable to compile TypeScript:
src/user/controllers/upload.user.avatar.ts(4,80): error TS2552: Cannot find name 'NextFunction'. Did you mean 'Function'?

    at Object.<anonymous> (C:\Users\juand\OneDrive\Escritorio\Projects\Personal-projects\To-do-List\src\user\controllers\upload.user.avatar.ts:1:7)
    at Module._compile (node:internal/modules/cjs/loader:1376:14)
    at Module._compile (C:\Users\juand\OneDrive\Escritorio\Projects\Personal-projects\To-do-List\node_modules\source-map-support\source-map-support.js:568:25)
    at Module.m._compile (C:\Users\juand\AppData\Local\Temp\ts-node-dev-hook-7502038534942639.js:69:33)
    at Module._extensions..js (node:internal/modules/cjs/loader:1435:10)
    at require.extensions..jsx.require.extensions..js (C:\Users\juand\AppData\Local\Temp\ts-node-dev-hook-7502038534942639.js:114:20)
    at require.extensions.<computed> (C:\Users\juand\AppData\Local\Temp\ts-node-dev-hook-7502038534942639.js:71:20)
    at Object.nodeDevHook [as .ts] (C:\Users\juand\OneDrive\Escritorio\Projects\Personal-projects\To-do-List\node_modules\ts-node-dev\lib\hook.js:63:13)
    at Module.load (node:internal/modules/cjs/loader:1207:32)
    at Function.Module._load (node:internal/modules/cjs/loader:1023:12)
2024-04-14 18:52:33 error: uncaughtException: ⨯ Unable to compile TypeScript:
src/user/controllers/upload.user.avatar.ts(1,27): error TS2304: Cannot find name 'RequestHandler'.
src/user/controllers/upload.user.avatar.ts(1,77): error TS2552: Cannot find name 'NextFunction'. Did you mean 'Function'?
src/user/controllers/upload.user.avatar.ts(2,3): error TS2304: Cannot find name 'upload'.
src/user/controllers/upload.user.avatar.ts(5,16): error TS2349: This expression is not callable.
  Type 'Number' has no call signatures.

Error: ⨯ Unable to compile TypeScript:
src/user/controllers/upload.user.avatar.ts(1,27): error TS2304: Cannot find name 'RequestHandler'.
src/user/controllers/upload.user.avatar.ts(1,77): error TS2552: Cannot find name 'NextFunction'. Did you mean 'Function'?
src/user/controllers/upload.user.avatar.ts(2,3): error TS2304: Cannot find name 'upload'.
src/user/controllers/upload.user.avatar.ts(5,16): error TS2349: This expression is not callable.
  Type 'Number' has no call signatures.

    at Object.<anonymous> (C:\Users\juand\OneDrive\Escritorio\Projects\Personal-projects\To-do-List\src\user\controllers\upload.user.avatar.ts:1:7)
    at Module._compile (node:internal/modules/cjs/loader:1376:14)
    at Module._compile (C:\Users\juand\OneDrive\Escritorio\Projects\Personal-projects\To-do-List\node_modules\source-map-support\source-map-support.js:568:25)
    at Module.m._compile (C:\Users\juand\AppData\Local\Temp\ts-node-dev-hook-7502038534942639.js:69:33)
    at Module._extensions..js (node:internal/modules/cjs/loader:1435:10)
    at require.extensions..jsx.require.extensions..js (C:\Users\juand\AppData\Local\Temp\ts-node-dev-hook-7502038534942639.js:114:20)
    at require.extensions.<computed> (C:\Users\juand\AppData\Local\Temp\ts-node-dev-hook-7502038534942639.js:71:20)
    at Object.nodeDevHook [as .ts] (C:\Users\juand\OneDrive\Escritorio\Projects\Personal-projects\To-do-List\node_modules\ts-node-dev\lib\hook.js:63:13)
    at Module.load (node:internal/modules/cjs/loader:1207:32)
    at Function.Module._load (node:internal/modules/cjs/loader:1023:12)
2024-04-14 18:55:15 error: uncaughtException: ⨯ Unable to compile TypeScript:
src/user/controllers/create.user.controller.ts(20,32): error TS2551: Property 'fieldname' does not exist on type 'UploadedFile'. Did you mean 'filename'?

Error: ⨯ Unable to compile TypeScript:
src/user/controllers/create.user.controller.ts(20,32): error TS2551: Property 'fieldname' does not exist on type 'UploadedFile'. Did you mean 'filename'?

    at Object.<anonymous> (C:\Users\juand\OneDrive\Escritorio\Projects\Personal-projects\To-do-List\src\user\controllers\create.user.controller.ts:1:7)
    at Module._compile (node:internal/modules/cjs/loader:1376:14)
    at Module._compile (C:\Users\juand\OneDrive\Escritorio\Projects\Personal-projects\To-do-List\node_modules\source-map-support\source-map-support.js:568:25)
    at Module.m._compile (C:\Users\juand\AppData\Local\Temp\ts-node-dev-hook-7502038534942639.js:69:33)
    at Module._extensions..js (node:internal/modules/cjs/loader:1435:10)
    at require.extensions..jsx.require.extensions..js (C:\Users\juand\AppData\Local\Temp\ts-node-dev-hook-7502038534942639.js:114:20)
    at require.extensions.<computed> (C:\Users\juand\AppData\Local\Temp\ts-node-dev-hook-7502038534942639.js:71:20)
    at Object.nodeDevHook [as .ts] (C:\Users\juand\OneDrive\Escritorio\Projects\Personal-projects\To-do-List\node_modules\ts-node-dev\lib\hook.js:63:13)
    at Module.load (node:internal/modules/cjs/loader:1207:32)
    at Function.Module._load (node:internal/modules/cjs/loader:1023:12)
2024-04-14 20:58:06 error: uncaughtException: ⨯ Unable to compile TypeScript:
src/user/controllers/create.user.controller.ts(20,5): error TS1005: ',' expected.

Error: ⨯ Unable to compile TypeScript:
src/user/controllers/create.user.controller.ts(20,5): error TS1005: ',' expected.

    at Object.<anonymous> (C:\Users\juand\OneDrive\Escritorio\Projects\Personal-projects\To-do-List\src\user\controllers\create.user.controller.ts:1:7)
    at Module._compile (node:internal/modules/cjs/loader:1376:14)
    at Module._compile (C:\Users\juand\OneDrive\Escritorio\Projects\Personal-projects\To-do-List\node_modules\source-map-support\source-map-support.js:568:25)
    at Module.m._compile (C:\Users\juand\AppData\Local\Temp\ts-node-dev-hook-392127978719661.js:69:33)
    at Module._extensions..js (node:internal/modules/cjs/loader:1435:10)
    at require.extensions..jsx.require.extensions..js (C:\Users\juand\AppData\Local\Temp\ts-node-dev-hook-392127978719661.js:114:20)
    at require.extensions.<computed> (C:\Users\juand\AppData\Local\Temp\ts-node-dev-hook-392127978719661.js:71:20)
    at Object.nodeDevHook [as .ts] (C:\Users\juand\OneDrive\Escritorio\Projects\Personal-projects\To-do-List\node_modules\ts-node-dev\lib\hook.js:63:13)
    at Module.load (node:internal/modules/cjs/loader:1207:32)
    at Function.Module._load (node:internal/modules/cjs/loader:1023:12)
2024-04-14 21:21:39 error: uncaughtException: ⨯ Unable to compile TypeScript:
src/user/controllers/upload.user.avatar.ts(13,1): error TS1005: '}' expected.

Error: ⨯ Unable to compile TypeScript:
src/user/controllers/upload.user.avatar.ts(13,1): error TS1005: '}' expected.

    at Object.<anonymous> (C:\Users\juand\OneDrive\Escritorio\Projects\Personal-projects\To-do-List\src\user\controllers\upload.user.avatar.ts:1:7)
    at Module._compile (node:internal/modules/cjs/loader:1376:14)
    at Module._compile (C:\Users\juand\OneDrive\Escritorio\Projects\Personal-projects\To-do-List\node_modules\source-map-support\source-map-support.js:568:25)
    at Module.m._compile (C:\Users\juand\AppData\Local\Temp\ts-node-dev-hook-7128696799321037.js:69:33)
    at Module._extensions..js (node:internal/modules/cjs/loader:1435:10)
    at require.extensions..jsx.require.extensions..js (C:\Users\juand\AppData\Local\Temp\ts-node-dev-hook-7128696799321037.js:114:20)
    at require.extensions.<computed> (C:\Users\juand\AppData\Local\Temp\ts-node-dev-hook-7128696799321037.js:71:20)
    at Object.nodeDevHook [as .ts] (C:\Users\juand\OneDrive\Escritorio\Projects\Personal-projects\To-do-List\node_modules\ts-node-dev\lib\hook.js:63:13)
    at Module.load (node:internal/modules/cjs/loader:1207:32)
    at Function.Module._load (node:internal/modules/cjs/loader:1023:12)
2024-04-14 21:22:00 error: uncaughtException: ⨯ Unable to compile TypeScript:
src/user/controllers/upload.user.avatar.ts(1,45): error TS6133: 'NextFunction' is declared but its value is never read.
src/user/controllers/upload.user.avatar.ts(3,77): error TS2552: Cannot find name 'NextFunctio'. Did you mean 'NextFunction'?

Error: ⨯ Unable to compile TypeScript:
src/user/controllers/upload.user.avatar.ts(1,45): error TS6133: 'NextFunction' is declared but its value is never read.
src/user/controllers/upload.user.avatar.ts(3,77): error TS2552: Cannot find name 'NextFunctio'. Did you mean 'NextFunction'?

    at Object.<anonymous> (C:\Users\juand\OneDrive\Escritorio\Projects\Personal-projects\To-do-List\src\user\controllers\upload.user.avatar.ts:1:7)
    at Module._compile (node:internal/modules/cjs/loader:1376:14)
    at Module._compile (C:\Users\juand\OneDrive\Escritorio\Projects\Personal-projects\To-do-List\node_modules\source-map-support\source-map-support.js:568:25)
    at Module.m._compile (C:\Users\juand\AppData\Local\Temp\ts-node-dev-hook-7128696799321037.js:69:33)
    at Module._extensions..js (node:internal/modules/cjs/loader:1435:10)
    at require.extensions..jsx.require.extensions..js (C:\Users\juand\AppData\Local\Temp\ts-node-dev-hook-7128696799321037.js:114:20)
    at require.extensions.<computed> (C:\Users\juand\AppData\Local\Temp\ts-node-dev-hook-7128696799321037.js:71:20)
    at Object.nodeDevHook [as .ts] (C:\Users\juand\OneDrive\Escritorio\Projects\Personal-projects\To-do-List\node_modules\ts-node-dev\lib\hook.js:63:13)
    at Module.load (node:internal/modules/cjs/loader:1207:32)
    at Function.Module._load (node:internal/modules/cjs/loader:1023:12)
