2024-03-22 17:19:53 error: uncaughtException: ⨯ Unable to compile TypeScript:
src/routes/user/user.routes.ts(7,10): error TS6133: 'authenticateJWT' is declared but its value is never read.

Error: ⨯ Unable to compile TypeScript:
src/routes/user/user.routes.ts(7,10): error TS6133: 'authenticateJWT' is declared but its value is never read.

    at Object.<anonymous> (C:\Users\juand\OneDrive\Escritorio\Projects\Personal-projects\To-do-List\src\routes\user\user.routes.ts:1:7)
    at Module._compile (node:internal/modules/cjs/loader:1376:14)
    at Module._compile (C:\Users\juand\OneDrive\Escritorio\Projects\Personal-projects\To-do-List\node_modules\source-map-support\source-map-support.js:568:25)
    at Module.m._compile (C:\Users\juand\AppData\Local\Temp\ts-node-dev-hook-8113197747722791.js:69:33)
    at Module._extensions..js (node:internal/modules/cjs/loader:1435:10)
    at require.extensions..jsx.require.extensions..js (C:\Users\juand\AppData\Local\Temp\ts-node-dev-hook-8113197747722791.js:114:20)
    at require.extensions.<computed> (C:\Users\juand\AppData\Local\Temp\ts-node-dev-hook-8113197747722791.js:71:20)
    at Object.nodeDevHook [as .ts] (C:\Users\juand\OneDrive\Escritorio\Projects\Personal-projects\To-do-List\node_modules\ts-node-dev\lib\hook.js:63:13)
    at Module.load (node:internal/modules/cjs/loader:1207:32)
    at Function.Module._load (node:internal/modules/cjs/loader:1023:12)
2024-03-22 17:20:03 error: uncaughtException: ⨯ Unable to compile TypeScript:
src/routes/user/user.routes.ts(22,48): error TS2304: Cannot find name 'passportLocal'.

Error: ⨯ Unable to compile TypeScript:
src/routes/user/user.routes.ts(22,48): error TS2304: Cannot find name 'passportLocal'.

    at Object.<anonymous> (C:\Users\juand\OneDrive\Escritorio\Projects\Personal-projects\To-do-List\src\routes\user\user.routes.ts:1:7)
    at Module._compile (node:internal/modules/cjs/loader:1376:14)
    at Module._compile (C:\Users\juand\OneDrive\Escritorio\Projects\Personal-projects\To-do-List\node_modules\source-map-support\source-map-support.js:568:25)
    at Module.m._compile (C:\Users\juand\AppData\Local\Temp\ts-node-dev-hook-8113197747722791.js:69:33)
    at Module._extensions..js (node:internal/modules/cjs/loader:1435:10)
    at require.extensions..jsx.require.extensions..js (C:\Users\juand\AppData\Local\Temp\ts-node-dev-hook-8113197747722791.js:114:20)
    at require.extensions.<computed> (C:\Users\juand\AppData\Local\Temp\ts-node-dev-hook-8113197747722791.js:71:20)
    at Object.nodeDevHook [as .ts] (C:\Users\juand\OneDrive\Escritorio\Projects\Personal-projects\To-do-List\node_modules\ts-node-dev\lib\hook.js:63:13)
    at Module.load (node:internal/modules/cjs/loader:1207:32)
    at Function.Module._load (node:internal/modules/cjs/loader:1023:12)
2024-03-22 17:20:26 error: uncaughtException: ⨯ Unable to compile TypeScript:
src/routes/user/user.routes.ts(1,1): error TS6133: 'Router' is declared but its value is never read.
src/routes/user/user.routes.ts(6,1): error TS6133: 'logOutUserController' is declared but its value is never read.
src/routes/user/user.routes.ts(21,20): error TS1141: String literal expected.
src/routes/user/user.routes.ts(22,5): error TS2532: Object is possibly 'undefined'.
src/routes/user/user.routes.ts(22,25): error TS2532: Object is possibly 'undefined'.
src/routes/user/user.routes.ts(22,48): error TS2304: Cannot find name 'passportLocal'.
src/routes/user/user.routes.ts(23,5): error TS2532: Object is possibly 'undefined'.
src/routes/user/user.routes.ts(23,25): error TS2532: Object is possibly 'undefined'.
src/routes/user/user.routes.ts(24,5): error TS2532: Object is possibly 'undefined'.
src/routes/user/user.routes.ts(24,27): error TS2532: Object is possibly 'undefined'.
src/routes/user/user.routes.ts(25,5): error TS2532: Object is possibly 'undefined'.
src/routes/user/user.routes.ts(25,24): error TS2532: Object is possibly 'undefined'.
src/routes/user/user.routes.ts(20,80): error TS1005: ',' expected.
src/routes/user/user.routes.ts(21,5): error TS1003: Identifier expected.
src/routes/user/user.routes.ts(21,9): error TS1005: ',' expected.
src/routes/user/user.routes.ts(21,16): error TS1005: ',' expected.
src/routes/user/user.routes.ts(21,20): error TS1005: ',' expected.
src/routes/user/user.routes.ts(26,3): error TS1128: Declaration or statement expected.
src/routes/user/user.routes.ts(27,1): error TS1128: Declaration or statement expected.

Error: ⨯ Unable to compile TypeScript:
src/routes/user/user.routes.ts(1,1): error TS6133: 'Router' is declared but its value is never read.
src/routes/user/user.routes.ts(6,1): error TS6133: 'logOutUserController' is declared but its value is never read.
src/routes/user/user.routes.ts(21,20): error TS1141: String literal expected.
src/routes/user/user.routes.ts(22,5): error TS2532: Object is possibly 'undefined'.
src/routes/user/user.routes.ts(22,25): error TS2532: Object is possibly 'undefined'.
src/routes/user/user.routes.ts(22,48): error TS2304: Cannot find name 'passportLocal'.
src/routes/user/user.routes.ts(23,5): error TS2532: Object is possibly 'undefined'.
src/routes/user/user.routes.ts(23,25): error TS2532: Object is possibly 'undefined'.
src/routes/user/user.routes.ts(24,5): error TS2532: Object is possibly 'undefined'.
src/routes/user/user.routes.ts(24,27): error TS2532: Object is possibly 'undefined'.
src/routes/user/user.routes.ts(25,5): error TS2532: Object is possibly 'undefined'.
src/routes/user/user.routes.ts(25,24): error TS2532: Object is possibly 'undefined'.
src/routes/user/user.routes.ts(20,80): error TS1005: ',' expected.
src/routes/user/user.routes.ts(21,5): error TS1003: Identifier expected.
src/routes/user/user.routes.ts(21,9): error TS1005: ',' expected.
src/routes/user/user.routes.ts(21,16): error TS1005: ',' expected.
src/routes/user/user.routes.ts(21,20): error TS1005: ',' expected.
src/routes/user/user.routes.ts(26,3): error TS1128: Declaration or statement expected.
src/routes/user/user.routes.ts(27,1): error TS1128: Declaration or statement expected.

    at Object.<anonymous> (C:\Users\juand\OneDrive\Escritorio\Projects\Personal-projects\To-do-List\src\routes\user\user.routes.ts:1:7)
    at Module._compile (node:internal/modules/cjs/loader:1376:14)
    at Module._compile (C:\Users\juand\OneDrive\Escritorio\Projects\Personal-projects\To-do-List\node_modules\source-map-support\source-map-support.js:568:25)
    at Module.m._compile (C:\Users\juand\AppData\Local\Temp\ts-node-dev-hook-8113197747722791.js:69:33)
    at Module._extensions..js (node:internal/modules/cjs/loader:1435:10)
    at require.extensions..jsx.require.extensions..js (C:\Users\juand\AppData\Local\Temp\ts-node-dev-hook-8113197747722791.js:114:20)
    at require.extensions.<computed> (C:\Users\juand\AppData\Local\Temp\ts-node-dev-hook-8113197747722791.js:71:20)
    at Object.nodeDevHook [as .ts] (C:\Users\juand\OneDrive\Escritorio\Projects\Personal-projects\To-do-List\node_modules\ts-node-dev\lib\hook.js:63:13)
    at Module.load (node:internal/modules/cjs/loader:1207:32)
    at Function.Module._load (node:internal/modules/cjs/loader:1023:12)
2024-03-22 17:48:32 error: uncaughtException: auth_controller_1.default.initialize is not a function
TypeError: auth_controller_1.default.initialize is not a function
    at App.initSession (C:\Users\juand\OneDrive\Escritorio\Projects\Personal-projects\To-do-List\src\app.ts:42:25)
    at new App (C:\Users\juand\OneDrive\Escritorio\Projects\Personal-projects\To-do-List\src\app.ts:30:10)
    at Object.<anonymous> (C:\Users\juand\OneDrive\Escritorio\Projects\Personal-projects\To-do-List\src\index.ts:4:13)
    at Module._compile (node:internal/modules/cjs/loader:1376:14)
    at Module._compile (C:\Users\juand\OneDrive\Escritorio\Projects\Personal-projects\To-do-List\node_modules\source-map-support\source-map-support.js:568:25)
    at Module.m._compile (C:\Users\juand\AppData\Local\Temp\ts-node-dev-hook-5392950110704748.js:69:33)
    at Module._extensions..js (node:internal/modules/cjs/loader:1435:10)
    at require.extensions..jsx.require.extensions..js (C:\Users\juand\AppData\Local\Temp\ts-node-dev-hook-5392950110704748.js:114:20)
    at require.extensions.<computed> (C:\Users\juand\AppData\Local\Temp\ts-node-dev-hook-5392950110704748.js:71:20)
    at Object.nodeDevHook [as .ts] (C:\Users\juand\OneDrive\Escritorio\Projects\Personal-projects\To-do-List\node_modules\ts-node-dev\lib\hook.js:63:13)
2024-03-22 17:49:09 error: uncaughtException: auth_controller_1.default.initialize is not a function
TypeError: auth_controller_1.default.initialize is not a function
    at App.initSession (C:\Users\juand\OneDrive\Escritorio\Projects\Personal-projects\To-do-List\src\app.ts:42:25)
    at new App (C:\Users\juand\OneDrive\Escritorio\Projects\Personal-projects\To-do-List\src\app.ts:30:10)
    at Object.<anonymous> (C:\Users\juand\OneDrive\Escritorio\Projects\Personal-projects\To-do-List\src\index.ts:4:13)
    at Module._compile (node:internal/modules/cjs/loader:1376:14)
    at Module._compile (C:\Users\juand\OneDrive\Escritorio\Projects\Personal-projects\To-do-List\node_modules\source-map-support\source-map-support.js:568:25)
    at Module.m._compile (C:\Users\juand\AppData\Local\Temp\ts-node-dev-hook-5392950110704748.js:69:33)
    at Module._extensions..js (node:internal/modules/cjs/loader:1435:10)
    at require.extensions..jsx.require.extensions..js (C:\Users\juand\AppData\Local\Temp\ts-node-dev-hook-5392950110704748.js:114:20)
    at require.extensions.<computed> (C:\Users\juand\AppData\Local\Temp\ts-node-dev-hook-5392950110704748.js:71:20)
    at Object.nodeDevHook [as .ts] (C:\Users\juand\OneDrive\Escritorio\Projects\Personal-projects\To-do-List\node_modules\ts-node-dev\lib\hook.js:63:13)
2024-03-22 18:25:56 error: uncaughtException: ⨯ Unable to compile TypeScript:
src/routes/user/user.routes.ts(2,1): error TS6133: 'createUserController' is declared but its value is never read.
src/routes/user/user.routes.ts(3,1): error TS6133: 'deleteUserController' is declared but its value is never read.
src/routes/user/user.routes.ts(4,1): error TS6133: 'updatePasswordController' is declared but its value is never read.
src/routes/user/user.routes.ts(5,1): error TS6133: 'loginController' is declared but its value is never read.
src/routes/user/user.routes.ts(6,1): error TS6133: 'logOutUserController' is declared but its value is never read.
src/routes/user/user.routes.ts(7,1): error TS6133: 'passportLocal' is declared but its value is never read.
src/routes/user/user.routes.ts(8,10): error TS6133: 'userHomeController' is declared but its value is never read.
src/routes/user/user.routes.ts(27,3): error TS1010: '*/' expected.

Error: ⨯ Unable to compile TypeScript:
src/routes/user/user.routes.ts(2,1): error TS6133: 'createUserController' is declared but its value is never read.
src/routes/user/user.routes.ts(3,1): error TS6133: 'deleteUserController' is declared but its value is never read.
src/routes/user/user.routes.ts(4,1): error TS6133: 'updatePasswordController' is declared but its value is never read.
src/routes/user/user.routes.ts(5,1): error TS6133: 'loginController' is declared but its value is never read.
src/routes/user/user.routes.ts(6,1): error TS6133: 'logOutUserController' is declared but its value is never read.
src/routes/user/user.routes.ts(7,1): error TS6133: 'passportLocal' is declared but its value is never read.
src/routes/user/user.routes.ts(8,10): error TS6133: 'userHomeController' is declared but its value is never read.
src/routes/user/user.routes.ts(27,3): error TS1010: '*/' expected.

    at Object.<anonymous> (C:\Users\juand\OneDrive\Escritorio\Projects\Personal-projects\To-do-List\src\routes\user\user.routes.ts:1:7)
    at Module._compile (node:internal/modules/cjs/loader:1376:14)
    at Module._compile (C:\Users\juand\OneDrive\Escritorio\Projects\Personal-projects\To-do-List\node_modules\source-map-support\source-map-support.js:568:25)
    at Module.m._compile (C:\Users\juand\AppData\Local\Temp\ts-node-dev-hook-5392950110704748.js:69:33)
    at Module._extensions..js (node:internal/modules/cjs/loader:1435:10)
    at require.extensions..jsx.require.extensions..js (C:\Users\juand\AppData\Local\Temp\ts-node-dev-hook-5392950110704748.js:114:20)
    at require.extensions.<computed> (C:\Users\juand\AppData\Local\Temp\ts-node-dev-hook-5392950110704748.js:71:20)
    at Object.nodeDevHook [as .ts] (C:\Users\juand\OneDrive\Escritorio\Projects\Personal-projects\To-do-List\node_modules\ts-node-dev\lib\hook.js:63:13)
    at Module.load (node:internal/modules/cjs/loader:1207:32)
    at Function.Module._load (node:internal/modules/cjs/loader:1023:12)
2024-03-22 19:47:33 error: uncaughtException: ⨯ Unable to compile TypeScript:
src/user/controllers/login.controller.ts(4,31): error TS2304: Cannot find name 'token'.

Error: ⨯ Unable to compile TypeScript:
src/user/controllers/login.controller.ts(4,31): error TS2304: Cannot find name 'token'.

    at Object.<anonymous> (C:\Users\juand\OneDrive\Escritorio\Projects\Personal-projects\To-do-List\src\user\controllers\login.controller.ts:1:7)
    at Module._compile (node:internal/modules/cjs/loader:1376:14)
    at Module._compile (C:\Users\juand\OneDrive\Escritorio\Projects\Personal-projects\To-do-List\node_modules\source-map-support\source-map-support.js:568:25)
    at Module.m._compile (C:\Users\juand\AppData\Local\Temp\ts-node-dev-hook-5392950110704748.js:69:33)
    at Module._extensions..js (node:internal/modules/cjs/loader:1435:10)
    at require.extensions..jsx.require.extensions..js (C:\Users\juand\AppData\Local\Temp\ts-node-dev-hook-5392950110704748.js:114:20)
    at require.extensions.<computed> (C:\Users\juand\AppData\Local\Temp\ts-node-dev-hook-5392950110704748.js:71:20)
    at Object.nodeDevHook [as .ts] (C:\Users\juand\OneDrive\Escritorio\Projects\Personal-projects\To-do-List\node_modules\ts-node-dev\lib\hook.js:63:13)
    at Module.load (node:internal/modules/cjs/loader:1207:32)
    at Function.Module._load (node:internal/modules/cjs/loader:1023:12)
2024-03-22 19:49:20 error: uncaughtException: ⨯ Unable to compile TypeScript:
src/user/controllers/login.controller.ts(4,17): error TS18048: 'req.user' is possibly 'undefined'.
src/user/controllers/login.controller.ts(4,26): error TS2339: Property 'token' does not exist on type 'User'.

Error: ⨯ Unable to compile TypeScript:
src/user/controllers/login.controller.ts(4,17): error TS18048: 'req.user' is possibly 'undefined'.
src/user/controllers/login.controller.ts(4,26): error TS2339: Property 'token' does not exist on type 'User'.

    at Object.<anonymous> (C:\Users\juand\OneDrive\Escritorio\Projects\Personal-projects\To-do-List\src\user\controllers\login.controller.ts:1:7)
    at Module._compile (node:internal/modules/cjs/loader:1376:14)
    at Module._compile (C:\Users\juand\OneDrive\Escritorio\Projects\Personal-projects\To-do-List\node_modules\source-map-support\source-map-support.js:568:25)
    at Module.m._compile (C:\Users\juand\AppData\Local\Temp\ts-node-dev-hook-5392950110704748.js:69:33)
    at Module._extensions..js (node:internal/modules/cjs/loader:1435:10)
    at require.extensions..jsx.require.extensions..js (C:\Users\juand\AppData\Local\Temp\ts-node-dev-hook-5392950110704748.js:114:20)
    at require.extensions.<computed> (C:\Users\juand\AppData\Local\Temp\ts-node-dev-hook-5392950110704748.js:71:20)
    at Object.nodeDevHook [as .ts] (C:\Users\juand\OneDrive\Escritorio\Projects\Personal-projects\To-do-List\node_modules\ts-node-dev\lib\hook.js:63:13)
    at Module.load (node:internal/modules/cjs/loader:1207:32)
    at Function.Module._load (node:internal/modules/cjs/loader:1023:12)
2024-03-22 19:49:28 error: uncaughtException: ⨯ Unable to compile TypeScript:
src/user/controllers/login.controller.ts(4,21): error TS2339: Property 'token' does not exist on type 'Request<ParamsDictionary, any, any, ParsedQs, Record<string, any>>'.

Error: ⨯ Unable to compile TypeScript:
src/user/controllers/login.controller.ts(4,21): error TS2339: Property 'token' does not exist on type 'Request<ParamsDictionary, any, any, ParsedQs, Record<string, any>>'.

    at Object.<anonymous> (C:\Users\juand\OneDrive\Escritorio\Projects\Personal-projects\To-do-List\src\user\controllers\login.controller.ts:1:7)
    at Module._compile (node:internal/modules/cjs/loader:1376:14)
    at Module._compile (C:\Users\juand\OneDrive\Escritorio\Projects\Personal-projects\To-do-List\node_modules\source-map-support\source-map-support.js:568:25)
    at Module.m._compile (C:\Users\juand\AppData\Local\Temp\ts-node-dev-hook-5392950110704748.js:69:33)
    at Module._extensions..js (node:internal/modules/cjs/loader:1435:10)
    at require.extensions..jsx.require.extensions..js (C:\Users\juand\AppData\Local\Temp\ts-node-dev-hook-5392950110704748.js:114:20)
    at require.extensions.<computed> (C:\Users\juand\AppData\Local\Temp\ts-node-dev-hook-5392950110704748.js:71:20)
    at Object.nodeDevHook [as .ts] (C:\Users\juand\OneDrive\Escritorio\Projects\Personal-projects\To-do-List\node_modules\ts-node-dev\lib\hook.js:63:13)
    at Module.load (node:internal/modules/cjs/loader:1207:32)
    at Function.Module._load (node:internal/modules/cjs/loader:1023:12)
2024-03-22 19:49:50 error: uncaughtException: ⨯ Unable to compile TypeScript:
src/user/controllers/login.controller.ts(4,17): error TS18048: 'req.user' is possibly 'undefined'.
src/user/controllers/login.controller.ts(4,26): error TS2339: Property 'token' does not exist on type 'User'.

Error: ⨯ Unable to compile TypeScript:
src/user/controllers/login.controller.ts(4,17): error TS18048: 'req.user' is possibly 'undefined'.
src/user/controllers/login.controller.ts(4,26): error TS2339: Property 'token' does not exist on type 'User'.

    at Object.<anonymous> (C:\Users\juand\OneDrive\Escritorio\Projects\Personal-projects\To-do-List\src\user\controllers\login.controller.ts:1:7)
    at Module._compile (node:internal/modules/cjs/loader:1376:14)
    at Module._compile (C:\Users\juand\OneDrive\Escritorio\Projects\Personal-projects\To-do-List\node_modules\source-map-support\source-map-support.js:568:25)
    at Module.m._compile (C:\Users\juand\AppData\Local\Temp\ts-node-dev-hook-5392950110704748.js:69:33)
    at Module._extensions..js (node:internal/modules/cjs/loader:1435:10)
    at require.extensions..jsx.require.extensions..js (C:\Users\juand\AppData\Local\Temp\ts-node-dev-hook-5392950110704748.js:114:20)
    at require.extensions.<computed> (C:\Users\juand\AppData\Local\Temp\ts-node-dev-hook-5392950110704748.js:71:20)
    at Object.nodeDevHook [as .ts] (C:\Users\juand\OneDrive\Escritorio\Projects\Personal-projects\To-do-List\node_modules\ts-node-dev\lib\hook.js:63:13)
    at Module.load (node:internal/modules/cjs/loader:1207:32)
    at Function.Module._load (node:internal/modules/cjs/loader:1023:12)
2024-03-22 19:49:55 error: uncaughtException: ⨯ Unable to compile TypeScript:
src/user/controllers/login.controller.ts(4,17): error TS18048: 'req.user' is possibly 'undefined'.
src/user/controllers/login.controller.ts(4,26): error TS2339: Property 'token' does not exist on type 'User'.

Error: ⨯ Unable to compile TypeScript:
src/user/controllers/login.controller.ts(4,17): error TS18048: 'req.user' is possibly 'undefined'.
src/user/controllers/login.controller.ts(4,26): error TS2339: Property 'token' does not exist on type 'User'.

    at Object.<anonymous> (C:\Users\juand\OneDrive\Escritorio\Projects\Personal-projects\To-do-List\src\user\controllers\login.controller.ts:1:7)
    at Module._compile (node:internal/modules/cjs/loader:1376:14)
    at Module._compile (C:\Users\juand\OneDrive\Escritorio\Projects\Personal-projects\To-do-List\node_modules\source-map-support\source-map-support.js:568:25)
    at Module.m._compile (C:\Users\juand\AppData\Local\Temp\ts-node-dev-hook-5392950110704748.js:69:33)
    at Module._extensions..js (node:internal/modules/cjs/loader:1435:10)
    at require.extensions..jsx.require.extensions..js (C:\Users\juand\AppData\Local\Temp\ts-node-dev-hook-5392950110704748.js:114:20)
    at require.extensions.<computed> (C:\Users\juand\AppData\Local\Temp\ts-node-dev-hook-5392950110704748.js:71:20)
    at Object.nodeDevHook [as .ts] (C:\Users\juand\OneDrive\Escritorio\Projects\Personal-projects\To-do-List\node_modules\ts-node-dev\lib\hook.js:63:13)
    at Module.load (node:internal/modules/cjs/loader:1207:32)
    at Function.Module._load (node:internal/modules/cjs/loader:1023:12)
2024-03-22 20:34:42 error: uncaughtException: ⨯ Unable to compile TypeScript:
src/user/controllers/login.controller.ts(4,21): error TS2339: Property 'token' does not exist on type 'Request<ParamsDictionary, any, any, ParsedQs, Record<string, any>>'.

Error: ⨯ Unable to compile TypeScript:
src/user/controllers/login.controller.ts(4,21): error TS2339: Property 'token' does not exist on type 'Request<ParamsDictionary, any, any, ParsedQs, Record<string, any>>'.

    at Object.<anonymous> (C:\Users\juand\OneDrive\Escritorio\Projects\Personal-projects\To-do-List\src\user\controllers\login.controller.ts:1:7)
    at Module._compile (node:internal/modules/cjs/loader:1376:14)
    at Module._compile (C:\Users\juand\OneDrive\Escritorio\Projects\Personal-projects\To-do-List\node_modules\source-map-support\source-map-support.js:568:25)
    at Module.m._compile (C:\Users\juand\AppData\Local\Temp\ts-node-dev-hook-5392950110704748.js:69:33)
    at Module._extensions..js (node:internal/modules/cjs/loader:1435:10)
    at require.extensions..jsx.require.extensions..js (C:\Users\juand\AppData\Local\Temp\ts-node-dev-hook-5392950110704748.js:114:20)
    at require.extensions.<computed> (C:\Users\juand\AppData\Local\Temp\ts-node-dev-hook-5392950110704748.js:71:20)
    at Object.nodeDevHook [as .ts] (C:\Users\juand\OneDrive\Escritorio\Projects\Personal-projects\To-do-List\node_modules\ts-node-dev\lib\hook.js:63:13)
    at Module.load (node:internal/modules/cjs/loader:1207:32)
    at Function.Module._load (node:internal/modules/cjs/loader:1023:12)
2024-03-22 20:36:03 error: uncaughtException: ⨯ Unable to compile TypeScript:
src/user/controllers/login.controller.ts(4,21): error TS2339: Property 'token' does not exist on type 'Request<ParamsDictionary, any, any, ParsedQs, Record<string, any>>'.

Error: ⨯ Unable to compile TypeScript:
src/user/controllers/login.controller.ts(4,21): error TS2339: Property 'token' does not exist on type 'Request<ParamsDictionary, any, any, ParsedQs, Record<string, any>>'.

    at Object.<anonymous> (C:\Users\juand\OneDrive\Escritorio\Projects\Personal-projects\To-do-List\src\user\controllers\login.controller.ts:1:7)
    at Module._compile (node:internal/modules/cjs/loader:1376:14)
    at Module._compile (C:\Users\juand\OneDrive\Escritorio\Projects\Personal-projects\To-do-List\node_modules\source-map-support\source-map-support.js:568:25)
    at Module.m._compile (C:\Users\juand\AppData\Local\Temp\ts-node-dev-hook-5392950110704748.js:69:33)
    at Module._extensions..js (node:internal/modules/cjs/loader:1435:10)
    at require.extensions..jsx.require.extensions..js (C:\Users\juand\AppData\Local\Temp\ts-node-dev-hook-5392950110704748.js:114:20)
    at require.extensions.<computed> (C:\Users\juand\AppData\Local\Temp\ts-node-dev-hook-5392950110704748.js:71:20)
    at Object.nodeDevHook [as .ts] (C:\Users\juand\OneDrive\Escritorio\Projects\Personal-projects\To-do-List\node_modules\ts-node-dev\lib\hook.js:63:13)
    at Module.load (node:internal/modules/cjs/loader:1207:32)
    at Function.Module._load (node:internal/modules/cjs/loader:1023:12)
2024-03-22 20:45:16 error: uncaughtException: ⨯ Unable to compile TypeScript:
src/user/controllers/login.controller.ts(3,32): error TS7030: Not all code paths return a value.

Error: ⨯ Unable to compile TypeScript:
src/user/controllers/login.controller.ts(3,32): error TS7030: Not all code paths return a value.

    at Object.<anonymous> (C:\Users\juand\OneDrive\Escritorio\Projects\Personal-projects\To-do-List\src\user\controllers\login.controller.ts:1:7)
    at Module._compile (node:internal/modules/cjs/loader:1376:14)
    at Module._compile (C:\Users\juand\OneDrive\Escritorio\Projects\Personal-projects\To-do-List\node_modules\source-map-support\source-map-support.js:568:25)
    at Module.m._compile (C:\Users\juand\AppData\Local\Temp\ts-node-dev-hook-2498072477012614.js:69:33)
    at Module._extensions..js (node:internal/modules/cjs/loader:1435:10)
    at require.extensions..jsx.require.extensions..js (C:\Users\juand\AppData\Local\Temp\ts-node-dev-hook-2498072477012614.js:114:20)
    at require.extensions.<computed> (C:\Users\juand\AppData\Local\Temp\ts-node-dev-hook-2498072477012614.js:71:20)
    at Object.nodeDevHook [as .ts] (C:\Users\juand\OneDrive\Escritorio\Projects\Personal-projects\To-do-List\node_modules\ts-node-dev\lib\hook.js:63:13)
    at Module.load (node:internal/modules/cjs/loader:1207:32)
    at Function.Module._load (node:internal/modules/cjs/loader:1023:12)
2024-03-22 20:45:22 error: uncaughtException: ⨯ Unable to compile TypeScript:
src/user/controllers/login.controller.ts(3,32): error TS7030: Not all code paths return a value.

Error: ⨯ Unable to compile TypeScript:
src/user/controllers/login.controller.ts(3,32): error TS7030: Not all code paths return a value.

    at Object.<anonymous> (C:\Users\juand\OneDrive\Escritorio\Projects\Personal-projects\To-do-List\src\user\controllers\login.controller.ts:1:7)
    at Module._compile (node:internal/modules/cjs/loader:1376:14)
    at Module._compile (C:\Users\juand\OneDrive\Escritorio\Projects\Personal-projects\To-do-List\node_modules\source-map-support\source-map-support.js:568:25)
    at Module.m._compile (C:\Users\juand\AppData\Local\Temp\ts-node-dev-hook-2498072477012614.js:69:33)
    at Module._extensions..js (node:internal/modules/cjs/loader:1435:10)
    at require.extensions..jsx.require.extensions..js (C:\Users\juand\AppData\Local\Temp\ts-node-dev-hook-2498072477012614.js:114:20)
    at require.extensions.<computed> (C:\Users\juand\AppData\Local\Temp\ts-node-dev-hook-2498072477012614.js:71:20)
    at Object.nodeDevHook [as .ts] (C:\Users\juand\OneDrive\Escritorio\Projects\Personal-projects\To-do-List\node_modules\ts-node-dev\lib\hook.js:63:13)
    at Module.load (node:internal/modules/cjs/loader:1207:32)
    at Function.Module._load (node:internal/modules/cjs/loader:1023:12)
2024-03-22 20:45:27 error: uncaughtException: ⨯ Unable to compile TypeScript:
src/user/controllers/login.controller.ts(3,32): error TS7030: Not all code paths return a value.

Error: ⨯ Unable to compile TypeScript:
src/user/controllers/login.controller.ts(3,32): error TS7030: Not all code paths return a value.

    at Object.<anonymous> (C:\Users\juand\OneDrive\Escritorio\Projects\Personal-projects\To-do-List\src\user\controllers\login.controller.ts:1:7)
    at Module._compile (node:internal/modules/cjs/loader:1376:14)
    at Module._compile (C:\Users\juand\OneDrive\Escritorio\Projects\Personal-projects\To-do-List\node_modules\source-map-support\source-map-support.js:568:25)
    at Module.m._compile (C:\Users\juand\AppData\Local\Temp\ts-node-dev-hook-2498072477012614.js:69:33)
    at Module._extensions..js (node:internal/modules/cjs/loader:1435:10)
    at require.extensions..jsx.require.extensions..js (C:\Users\juand\AppData\Local\Temp\ts-node-dev-hook-2498072477012614.js:114:20)
    at require.extensions.<computed> (C:\Users\juand\AppData\Local\Temp\ts-node-dev-hook-2498072477012614.js:71:20)
    at Object.nodeDevHook [as .ts] (C:\Users\juand\OneDrive\Escritorio\Projects\Personal-projects\To-do-List\node_modules\ts-node-dev\lib\hook.js:63:13)
    at Module.load (node:internal/modules/cjs/loader:1207:32)
    at Function.Module._load (node:internal/modules/cjs/loader:1023:12)
2024-03-22 20:45:45 error: uncaughtException: ⨯ Unable to compile TypeScript:
src/user/controllers/login.controller.ts(3,32): error TS7030: Not all code paths return a value.

Error: ⨯ Unable to compile TypeScript:
src/user/controllers/login.controller.ts(3,32): error TS7030: Not all code paths return a value.

    at Object.<anonymous> (C:\Users\juand\OneDrive\Escritorio\Projects\Personal-projects\To-do-List\src\user\controllers\login.controller.ts:1:7)
    at Module._compile (node:internal/modules/cjs/loader:1376:14)
    at Module._compile (C:\Users\juand\OneDrive\Escritorio\Projects\Personal-projects\To-do-List\node_modules\source-map-support\source-map-support.js:568:25)
    at Module.m._compile (C:\Users\juand\AppData\Local\Temp\ts-node-dev-hook-2498072477012614.js:69:33)
    at Module._extensions..js (node:internal/modules/cjs/loader:1435:10)
    at require.extensions..jsx.require.extensions..js (C:\Users\juand\AppData\Local\Temp\ts-node-dev-hook-2498072477012614.js:114:20)
    at require.extensions.<computed> (C:\Users\juand\AppData\Local\Temp\ts-node-dev-hook-2498072477012614.js:71:20)
    at Object.nodeDevHook [as .ts] (C:\Users\juand\OneDrive\Escritorio\Projects\Personal-projects\To-do-List\node_modules\ts-node-dev\lib\hook.js:63:13)
    at Module.load (node:internal/modules/cjs/loader:1207:32)
    at Function.Module._load (node:internal/modules/cjs/loader:1023:12)
2024-03-22 20:45:51 error: uncaughtException: ⨯ Unable to compile TypeScript:
src/user/controllers/login.controller.ts(3,32): error TS7030: Not all code paths return a value.

Error: ⨯ Unable to compile TypeScript:
src/user/controllers/login.controller.ts(3,32): error TS7030: Not all code paths return a value.

    at Object.<anonymous> (C:\Users\juand\OneDrive\Escritorio\Projects\Personal-projects\To-do-List\src\user\controllers\login.controller.ts:1:7)
    at Module._compile (node:internal/modules/cjs/loader:1376:14)
    at Module._compile (C:\Users\juand\OneDrive\Escritorio\Projects\Personal-projects\To-do-List\node_modules\source-map-support\source-map-support.js:568:25)
    at Module.m._compile (C:\Users\juand\AppData\Local\Temp\ts-node-dev-hook-2498072477012614.js:69:33)
    at Module._extensions..js (node:internal/modules/cjs/loader:1435:10)
    at require.extensions..jsx.require.extensions..js (C:\Users\juand\AppData\Local\Temp\ts-node-dev-hook-2498072477012614.js:114:20)
    at require.extensions.<computed> (C:\Users\juand\AppData\Local\Temp\ts-node-dev-hook-2498072477012614.js:71:20)
    at Object.nodeDevHook [as .ts] (C:\Users\juand\OneDrive\Escritorio\Projects\Personal-projects\To-do-List\node_modules\ts-node-dev\lib\hook.js:63:13)
    at Module.load (node:internal/modules/cjs/loader:1207:32)
    at Function.Module._load (node:internal/modules/cjs/loader:1023:12)
2024-03-22 20:45:56 error: uncaughtException: ⨯ Unable to compile TypeScript:
src/user/controllers/login.controller.ts(3,32): error TS7030: Not all code paths return a value.
src/user/controllers/login.controller.ts(6,42): error TS1109: Expression expected.

Error: ⨯ Unable to compile TypeScript:
src/user/controllers/login.controller.ts(3,32): error TS7030: Not all code paths return a value.
src/user/controllers/login.controller.ts(6,42): error TS1109: Expression expected.

    at Object.<anonymous> (C:\Users\juand\OneDrive\Escritorio\Projects\Personal-projects\To-do-List\src\user\controllers\login.controller.ts:1:7)
    at Module._compile (node:internal/modules/cjs/loader:1376:14)
    at Module._compile (C:\Users\juand\OneDrive\Escritorio\Projects\Personal-projects\To-do-List\node_modules\source-map-support\source-map-support.js:568:25)
    at Module.m._compile (C:\Users\juand\AppData\Local\Temp\ts-node-dev-hook-2498072477012614.js:69:33)
    at Module._extensions..js (node:internal/modules/cjs/loader:1435:10)
    at require.extensions..jsx.require.extensions..js (C:\Users\juand\AppData\Local\Temp\ts-node-dev-hook-2498072477012614.js:114:20)
    at require.extensions.<computed> (C:\Users\juand\AppData\Local\Temp\ts-node-dev-hook-2498072477012614.js:71:20)
    at Object.nodeDevHook [as .ts] (C:\Users\juand\OneDrive\Escritorio\Projects\Personal-projects\To-do-List\node_modules\ts-node-dev\lib\hook.js:63:13)
    at Module.load (node:internal/modules/cjs/loader:1207:32)
    at Function.Module._load (node:internal/modules/cjs/loader:1023:12)
2024-03-22 20:46:43 error: uncaughtException: ⨯ Unable to compile TypeScript:
src/user/controllers/login.controller.ts(3,32): error TS7030: Not all code paths return a value.

Error: ⨯ Unable to compile TypeScript:
src/user/controllers/login.controller.ts(3,32): error TS7030: Not all code paths return a value.

    at Object.<anonymous> (C:\Users\juand\OneDrive\Escritorio\Projects\Personal-projects\To-do-List\src\user\controllers\login.controller.ts:1:7)
    at Module._compile (node:internal/modules/cjs/loader:1376:14)
    at Module._compile (C:\Users\juand\OneDrive\Escritorio\Projects\Personal-projects\To-do-List\node_modules\source-map-support\source-map-support.js:568:25)
    at Module.m._compile (C:\Users\juand\AppData\Local\Temp\ts-node-dev-hook-2498072477012614.js:69:33)
    at Module._extensions..js (node:internal/modules/cjs/loader:1435:10)
    at require.extensions..jsx.require.extensions..js (C:\Users\juand\AppData\Local\Temp\ts-node-dev-hook-2498072477012614.js:114:20)
    at require.extensions.<computed> (C:\Users\juand\AppData\Local\Temp\ts-node-dev-hook-2498072477012614.js:71:20)
    at Object.nodeDevHook [as .ts] (C:\Users\juand\OneDrive\Escritorio\Projects\Personal-projects\To-do-List\node_modules\ts-node-dev\lib\hook.js:63:13)
    at Module.load (node:internal/modules/cjs/loader:1207:32)
    at Function.Module._load (node:internal/modules/cjs/loader:1023:12)
2024-03-22 20:47:37 error: uncaughtException: ⨯ Unable to compile TypeScript:
src/user/controllers/login.controller.ts(6,5): error TS2304: Cannot find name 'logger'.

Error: ⨯ Unable to compile TypeScript:
src/user/controllers/login.controller.ts(6,5): error TS2304: Cannot find name 'logger'.

    at Object.<anonymous> (C:\Users\juand\OneDrive\Escritorio\Projects\Personal-projects\To-do-List\src\user\controllers\login.controller.ts:1:7)
    at Module._compile (node:internal/modules/cjs/loader:1376:14)
    at Module._compile (C:\Users\juand\OneDrive\Escritorio\Projects\Personal-projects\To-do-List\node_modules\source-map-support\source-map-support.js:568:25)
    at Module.m._compile (C:\Users\juand\AppData\Local\Temp\ts-node-dev-hook-2498072477012614.js:69:33)
    at Module._extensions..js (node:internal/modules/cjs/loader:1435:10)
    at require.extensions..jsx.require.extensions..js (C:\Users\juand\AppData\Local\Temp\ts-node-dev-hook-2498072477012614.js:114:20)
    at require.extensions.<computed> (C:\Users\juand\AppData\Local\Temp\ts-node-dev-hook-2498072477012614.js:71:20)
    at Object.nodeDevHook [as .ts] (C:\Users\juand\OneDrive\Escritorio\Projects\Personal-projects\To-do-List\node_modules\ts-node-dev\lib\hook.js:63:13)
    at Module.load (node:internal/modules/cjs/loader:1207:32)
    at Function.Module._load (node:internal/modules/cjs/loader:1023:12)
2024-03-22 20:47:44 error: uncaughtException: ⨯ Unable to compile TypeScript:
src/user/controllers/login.controller.ts(2,1): error TS6133: 'Logger' is declared but its value is never read.
src/user/controllers/login.controller.ts(7,5): error TS2552: Cannot find name 'logger'. Did you mean 'Logger'?

Error: ⨯ Unable to compile TypeScript:
src/user/controllers/login.controller.ts(2,1): error TS6133: 'Logger' is declared but its value is never read.
src/user/controllers/login.controller.ts(7,5): error TS2552: Cannot find name 'logger'. Did you mean 'Logger'?

    at Object.<anonymous> (C:\Users\juand\OneDrive\Escritorio\Projects\Personal-projects\To-do-List\src\user\controllers\login.controller.ts:1:7)
    at Module._compile (node:internal/modules/cjs/loader:1376:14)
    at Module._compile (C:\Users\juand\OneDrive\Escritorio\Projects\Personal-projects\To-do-List\node_modules\source-map-support\source-map-support.js:568:25)
    at Module.m._compile (C:\Users\juand\AppData\Local\Temp\ts-node-dev-hook-2498072477012614.js:69:33)
    at Module._extensions..js (node:internal/modules/cjs/loader:1435:10)
    at require.extensions..jsx.require.extensions..js (C:\Users\juand\AppData\Local\Temp\ts-node-dev-hook-2498072477012614.js:114:20)
    at require.extensions.<computed> (C:\Users\juand\AppData\Local\Temp\ts-node-dev-hook-2498072477012614.js:71:20)
    at Object.nodeDevHook [as .ts] (C:\Users\juand\OneDrive\Escritorio\Projects\Personal-projects\To-do-List\node_modules\ts-node-dev\lib\hook.js:63:13)
    at Module.load (node:internal/modules/cjs/loader:1207:32)
    at Function.Module._load (node:internal/modules/cjs/loader:1023:12)
2024-03-22 20:47:52 error: uncaughtException: ⨯ Unable to compile TypeScript:
src/user/controllers/login.controller.ts(2,10): error TS2305: Module '"winston"' has no exported member 'L'.
src/user/controllers/login.controller.ts(7,5): error TS2304: Cannot find name 'logger'.
src/user/controllers/login.controller.ts(2,27): error TS1002: Unterminated string literal.

Error: ⨯ Unable to compile TypeScript:
src/user/controllers/login.controller.ts(2,10): error TS2305: Module '"winston"' has no exported member 'L'.
src/user/controllers/login.controller.ts(7,5): error TS2304: Cannot find name 'logger'.
src/user/controllers/login.controller.ts(2,27): error TS1002: Unterminated string literal.

    at Object.<anonymous> (C:\Users\juand\OneDrive\Escritorio\Projects\Personal-projects\To-do-List\src\user\controllers\login.controller.ts:1:7)
    at Module._compile (node:internal/modules/cjs/loader:1376:14)
    at Module._compile (C:\Users\juand\OneDrive\Escritorio\Projects\Personal-projects\To-do-List\node_modules\source-map-support\source-map-support.js:568:25)
    at Module.m._compile (C:\Users\juand\AppData\Local\Temp\ts-node-dev-hook-2498072477012614.js:69:33)
    at Module._extensions..js (node:internal/modules/cjs/loader:1435:10)
    at require.extensions..jsx.require.extensions..js (C:\Users\juand\AppData\Local\Temp\ts-node-dev-hook-2498072477012614.js:114:20)
    at require.extensions.<computed> (C:\Users\juand\AppData\Local\Temp\ts-node-dev-hook-2498072477012614.js:71:20)
    at Object.nodeDevHook [as .ts] (C:\Users\juand\OneDrive\Escritorio\Projects\Personal-projects\To-do-List\node_modules\ts-node-dev\lib\hook.js:63:13)
    at Module.load (node:internal/modules/cjs/loader:1207:32)
    at Function.Module._load (node:internal/modules/cjs/loader:1023:12)
2024-03-22 20:47:59 error: uncaughtException: ⨯ Unable to compile TypeScript:
src/user/controllers/login.controller.ts(4,1): error TS1005: '=' expected.

Error: ⨯ Unable to compile TypeScript:
src/user/controllers/login.controller.ts(4,1): error TS1005: '=' expected.

    at Object.<anonymous> (C:\Users\juand\OneDrive\Escritorio\Projects\Personal-projects\To-do-List\src\user\controllers\login.controller.ts:1:7)
    at Module._compile (node:internal/modules/cjs/loader:1376:14)
    at Module._compile (C:\Users\juand\OneDrive\Escritorio\Projects\Personal-projects\To-do-List\node_modules\source-map-support\source-map-support.js:568:25)
    at Module.m._compile (C:\Users\juand\AppData\Local\Temp\ts-node-dev-hook-2498072477012614.js:69:33)
    at Module._extensions..js (node:internal/modules/cjs/loader:1435:10)
    at require.extensions..jsx.require.extensions..js (C:\Users\juand\AppData\Local\Temp\ts-node-dev-hook-2498072477012614.js:114:20)
    at require.extensions.<computed> (C:\Users\juand\AppData\Local\Temp\ts-node-dev-hook-2498072477012614.js:71:20)
    at Object.nodeDevHook [as .ts] (C:\Users\juand\OneDrive\Escritorio\Projects\Personal-projects\To-do-List\node_modules\ts-node-dev\lib\hook.js:63:13)
    at Module.load (node:internal/modules/cjs/loader:1207:32)
    at Function.Module._load (node:internal/modules/cjs/loader:1023:12)
2024-03-22 20:48:40 error: uncaughtException: ⨯ Unable to compile TypeScript:
src/user/controllers/login.controller.ts(2,22): error TS2307: Cannot find module '' or its corresponding type declarations.

Error: ⨯ Unable to compile TypeScript:
src/user/controllers/login.controller.ts(2,22): error TS2307: Cannot find module '' or its corresponding type declarations.

    at Object.<anonymous> (C:\Users\juand\OneDrive\Escritorio\Projects\Personal-projects\To-do-List\src\user\controllers\login.controller.ts:1:7)
    at Module._compile (node:internal/modules/cjs/loader:1376:14)
    at Module._compile (C:\Users\juand\OneDrive\Escritorio\Projects\Personal-projects\To-do-List\node_modules\source-map-support\source-map-support.js:568:25)
    at Module.m._compile (C:\Users\juand\AppData\Local\Temp\ts-node-dev-hook-2498072477012614.js:69:33)
    at Module._extensions..js (node:internal/modules/cjs/loader:1435:10)
    at require.extensions..jsx.require.extensions..js (C:\Users\juand\AppData\Local\Temp\ts-node-dev-hook-2498072477012614.js:114:20)
    at require.extensions.<computed> (C:\Users\juand\AppData\Local\Temp\ts-node-dev-hook-2498072477012614.js:71:20)
    at Object.nodeDevHook [as .ts] (C:\Users\juand\OneDrive\Escritorio\Projects\Personal-projects\To-do-List\node_modules\ts-node-dev\lib\hook.js:63:13)
    at Module.load (node:internal/modules/cjs/loader:1207:32)
    at Function.Module._load (node:internal/modules/cjs/loader:1023:12)
2024-03-22 20:48:50 error: uncaughtException: ⨯ Unable to compile TypeScript:
src/user/controllers/login.controller.ts(2,22): error TS2307: Cannot find module '../' or its corresponding type declarations.

Error: ⨯ Unable to compile TypeScript:
src/user/controllers/login.controller.ts(2,22): error TS2307: Cannot find module '../' or its corresponding type declarations.

    at Object.<anonymous> (C:\Users\juand\OneDrive\Escritorio\Projects\Personal-projects\To-do-List\src\user\controllers\login.controller.ts:1:7)
    at Module._compile (node:internal/modules/cjs/loader:1376:14)
    at Module._compile (C:\Users\juand\OneDrive\Escritorio\Projects\Personal-projects\To-do-List\node_modules\source-map-support\source-map-support.js:568:25)
    at Module.m._compile (C:\Users\juand\AppData\Local\Temp\ts-node-dev-hook-2498072477012614.js:69:33)
    at Module._extensions..js (node:internal/modules/cjs/loader:1435:10)
    at require.extensions..jsx.require.extensions..js (C:\Users\juand\AppData\Local\Temp\ts-node-dev-hook-2498072477012614.js:114:20)
    at require.extensions.<computed> (C:\Users\juand\AppData\Local\Temp\ts-node-dev-hook-2498072477012614.js:71:20)
    at Object.nodeDevHook [as .ts] (C:\Users\juand\OneDrive\Escritorio\Projects\Personal-projects\To-do-List\node_modules\ts-node-dev\lib\hook.js:63:13)
    at Module.load (node:internal/modules/cjs/loader:1207:32)
    at Function.Module._load (node:internal/modules/cjs/loader:1023:12)
2024-03-22 20:49:25 error: uncaughtException: ⨯ Unable to compile TypeScript:
src/user/controllers/login.controller.ts(2,22): error TS2307: Cannot find module '../utils/logger' or its corresponding type declarations.

Error: ⨯ Unable to compile TypeScript:
src/user/controllers/login.controller.ts(2,22): error TS2307: Cannot find module '../utils/logger' or its corresponding type declarations.

    at Object.<anonymous> (C:\Users\juand\OneDrive\Escritorio\Projects\Personal-projects\To-do-List\src\user\controllers\login.controller.ts:1:7)
    at Module._compile (node:internal/modules/cjs/loader:1376:14)
    at Module._compile (C:\Users\juand\OneDrive\Escritorio\Projects\Personal-projects\To-do-List\node_modules\source-map-support\source-map-support.js:568:25)
    at Module.m._compile (C:\Users\juand\AppData\Local\Temp\ts-node-dev-hook-2498072477012614.js:69:33)
    at Module._extensions..js (node:internal/modules/cjs/loader:1435:10)
    at require.extensions..jsx.require.extensions..js (C:\Users\juand\AppData\Local\Temp\ts-node-dev-hook-2498072477012614.js:114:20)
    at require.extensions.<computed> (C:\Users\juand\AppData\Local\Temp\ts-node-dev-hook-2498072477012614.js:71:20)
    at Object.nodeDevHook [as .ts] (C:\Users\juand\OneDrive\Escritorio\Projects\Personal-projects\To-do-List\node_modules\ts-node-dev\lib\hook.js:63:13)
    at Module.load (node:internal/modules/cjs/loader:1207:32)
    at Function.Module._load (node:internal/modules/cjs/loader:1023:12)
2024-03-22 20:49:34 error: uncaughtException: ⨯ Unable to compile TypeScript:
src/user/controllers/login.controller.ts(7,12): error TS2555: Expected at least 1 arguments, but got 0.

Error: ⨯ Unable to compile TypeScript:
src/user/controllers/login.controller.ts(7,12): error TS2555: Expected at least 1 arguments, but got 0.

    at Object.<anonymous> (C:\Users\juand\OneDrive\Escritorio\Projects\Personal-projects\To-do-List\src\user\controllers\login.controller.ts:1:7)
    at Module._compile (node:internal/modules/cjs/loader:1376:14)
    at Module._compile (C:\Users\juand\OneDrive\Escritorio\Projects\Personal-projects\To-do-List\node_modules\source-map-support\source-map-support.js:568:25)
    at Module.m._compile (C:\Users\juand\AppData\Local\Temp\ts-node-dev-hook-2498072477012614.js:69:33)
    at Module._extensions..js (node:internal/modules/cjs/loader:1435:10)
    at require.extensions..jsx.require.extensions..js (C:\Users\juand\AppData\Local\Temp\ts-node-dev-hook-2498072477012614.js:114:20)
    at require.extensions.<computed> (C:\Users\juand\AppData\Local\Temp\ts-node-dev-hook-2498072477012614.js:71:20)
    at Object.nodeDevHook [as .ts] (C:\Users\juand\OneDrive\Escritorio\Projects\Personal-projects\To-do-List\node_modules\ts-node-dev\lib\hook.js:63:13)
    at Module.load (node:internal/modules/cjs/loader:1207:32)
    at Function.Module._load (node:internal/modules/cjs/loader:1023:12)
2024-03-22 20:49:43 error: uncaughtException: ⨯ Unable to compile TypeScript:
src/user/controllers/login.controller.ts(7,12): error TS1003: Identifier expected.

Error: ⨯ Unable to compile TypeScript:
src/user/controllers/login.controller.ts(7,12): error TS1003: Identifier expected.

    at Object.<anonymous> (C:\Users\juand\OneDrive\Escritorio\Projects\Personal-projects\To-do-List\src\user\controllers\login.controller.ts:1:7)
    at Module._compile (node:internal/modules/cjs/loader:1376:14)
    at Module._compile (C:\Users\juand\OneDrive\Escritorio\Projects\Personal-projects\To-do-List\node_modules\source-map-support\source-map-support.js:568:25)
    at Module.m._compile (C:\Users\juand\AppData\Local\Temp\ts-node-dev-hook-2498072477012614.js:69:33)
    at Module._extensions..js (node:internal/modules/cjs/loader:1435:10)
    at require.extensions..jsx.require.extensions..js (C:\Users\juand\AppData\Local\Temp\ts-node-dev-hook-2498072477012614.js:114:20)
    at require.extensions.<computed> (C:\Users\juand\AppData\Local\Temp\ts-node-dev-hook-2498072477012614.js:71:20)
    at Object.nodeDevHook [as .ts] (C:\Users\juand\OneDrive\Escritorio\Projects\Personal-projects\To-do-List\node_modules\ts-node-dev\lib\hook.js:63:13)
    at Module.load (node:internal/modules/cjs/loader:1207:32)
    at Function.Module._load (node:internal/modules/cjs/loader:1023:12)
2024-03-22 20:50:09 error: uncaughtException: ⨯ Unable to compile TypeScript:
src/user/controllers/login.controller.ts(7,12): error TS2555: Expected at least 1 arguments, but got 0.

Error: ⨯ Unable to compile TypeScript:
src/user/controllers/login.controller.ts(7,12): error TS2555: Expected at least 1 arguments, but got 0.

    at Object.<anonymous> (C:\Users\juand\OneDrive\Escritorio\Projects\Personal-projects\To-do-List\src\user\controllers\login.controller.ts:1:7)
    at Module._compile (node:internal/modules/cjs/loader:1376:14)
    at Module._compile (C:\Users\juand\OneDrive\Escritorio\Projects\Personal-projects\To-do-List\node_modules\source-map-support\source-map-support.js:568:25)
    at Module.m._compile (C:\Users\juand\AppData\Local\Temp\ts-node-dev-hook-2498072477012614.js:69:33)
    at Module._extensions..js (node:internal/modules/cjs/loader:1435:10)
    at require.extensions..jsx.require.extensions..js (C:\Users\juand\AppData\Local\Temp\ts-node-dev-hook-2498072477012614.js:114:20)
    at require.extensions.<computed> (C:\Users\juand\AppData\Local\Temp\ts-node-dev-hook-2498072477012614.js:71:20)
    at Object.nodeDevHook [as .ts] (C:\Users\juand\OneDrive\Escritorio\Projects\Personal-projects\To-do-List\node_modules\ts-node-dev\lib\hook.js:63:13)
    at Module.load (node:internal/modules/cjs/loader:1207:32)
    at Function.Module._load (node:internal/modules/cjs/loader:1023:12)
